{"meta": {"format": 3, "version": "7.13.5", "timestamp": "2026-04-04T11:12:30.964198", "branch_coverage": true, "show_contexts": false}, "files": {"src/drift/__init__.py": {"executed_lines": [3, 5, 8, 10, 11, 12, 18], "summary": {"covered_lines": 7, "num_statements": 10, "percent_covered": 66.66666666666667, "percent_covered_display": "67", "missing_lines": 3, "excluded_lines": 0, "percent_statements_covered": 70.0, "percent_statements_covered_display": "70", "num_branches": 2, "num_partial_branches": 1, "covered_branches": 1, "missing_branches": 1, "percent_branches_covered": 50.0, "percent_branches_covered_display": "50"}, "missing_lines": [13, 14, 15], "excluded_lines": [], "executed_branches": [[10, 11]], "missing_branches": [[10, 15]], "functions": {"_resolve_version": {"executed_lines": [10, 11, 12], "summary": {"covered_lines": 3, "num_statements": 6, "percent_covered": 50.0, "percent_covered_display": "50", "missing_lines": 3, "excluded_lines": 0, "percent_statements_covered": 50.0, "percent_statements_covered_display": "50", "num_branches": 2, "num_partial_branches": 1, "covered_branches": 1, "missing_branches": 1, "percent_branches_covered": 50.0, "percent_branches_covered_display": "50"}, "missing_lines": [13, 14, 15], "excluded_lines": [], "start_line": 8, "executed_branches": [[10, 11]], "missing_branches": [[10, 15]]}, "": {"executed_lines": [3, 5, 8, 18], "summary": {"covered_lines": 4, "num_statements": 4, "percent_covered": 100.0, "percent_covered_display": "100", "missing_lines": 0, "excluded_lines": 0, "percent_statements_covered": 100.0, "percent_statements_covered_display": "100", "num_branches": 0, "num_partial_branches": 0, "covered_branches": 0, "missing_branches": 0, "percent_branches_covered": 100.0, "percent_branches_covered_display": "100"}, "missing_lines": [], "excluded_lines": [], "start_line": 1, "executed_branches": [], "missing_branches": []}}, "classes": {"": {"executed_lines": [3, 5, 8, 10, 11, 12, 18], "summary": {"covered_lines": 7, "num_statements": 10, "percent_covered": 66.66666666666667, "percent_covered_display": "67", "missing_lines": 3, "excluded_lines": 0, "percent_statements_covered": 70.0, "percent_statements_covered_display": "70", "num_branches": 2, "num_partial_branches": 1, "covered_branches": 1, "missing_branches": 1, "percent_branches_covered": 50.0, "percent_branches_covered_display": "50"}, "missing_lines": [13, 14, 15], "excluded_lines": [], "start_line": 1, "executed_branches": [[10, 11]], "missing_branches": [[10, 15]]}}}, "src/drift/__main__.py": {"executed_lines": [3], "summary": {"covered_lines": 1, "num_statements": 1, "percent_covered": 100.0, "percent_covered_display": "100", "missing_lines": 0, "excluded_lines": 2, "percent_statements_covered": 100.0, "percent_statements_covered_display": "100", "num_branches": 0, "num_partial_branches": 0, "covered_branches": 0, "missing_branches": 0, "percent_branches_covered": 100.0, "percent_branches_covered_display": "100"}, "missing_lines": [], "excluded_lines": [5, 6], "executed_branches": [], "missing_branches": [], "functions": {"": {"executed_lines": [3], "summary": {"covered_lines": 1, "num_statements": 1, "percent_covered": 100.0, "percent_covered_display": "100", "missing_lines": 0, "excluded_lines": 2, "percent_statements_covered": 100.0, "percent_statements_covered_display": "100", "num_branches": 0, "num_partial_branches": 0, "covered_branches": 0, "missing_branches": 0, "percent_branches_covered": 100.0, "percent_branches_covered_display": "100"}, "missing_lines": [], "excluded_lines": [5, 6], "start_line": 1, "executed_branches": [], "missing_branches": []}}, "classes": {"": {"executed_lines": [3], "summary": {"covered_lines": 1, "num_statements": 1, "percent_covered": 100.0, "percent_covered_display": "100", "missing_lines": 0, "excluded_lines": 2, "percent_statements_covered": 100.0, "percent_statements_covered_display": "100", "num_branches": 0, "num_partial_branches": 0, "covered_branches": 0, "missing_branches": 0, "percent_branches_covered": 100.0, "percent_branches_covered_display": "100"}, "missing_lines": [], "excluded_lines": [5, 6], "start_line": 1, "executed_branches": [], "missing_branches": []}}}, "src/drift/analyzer.py": {"executed_lines": [3, 5, 6, 7, 8, 9, 10, 11, 12, 14, 15, 16, 17, 18, 26, 27, 30, 33, 36, 39, 42, 45, 50, 51, 53, 54, 57, 62, 72, 80, 88, 97, 98, 99, 100, 101, 102, 112, 122, 123, 138, 141, 143, 146, 151, 153, 156, 158, 161, 166, 174, 180, 181, 195, 205, 206, 207, 208, 210, 213, 214, 222, 223, 224, 225, 234, 243, 244, 245, 247, 254, 257, 267, 268, 269, 270, 273, 274, 275, 276, 277, 278, 280, 282, 292, 293, 294, 300, 306, 307, 314, 318, 320, 321, 328, 329, 335, 341, 342, 344, 351, 359, 361, 368], "summary": {"covered_lines": 104, "num_statements": 116, "percent_covered": 84.45945945945945, "percent_covered_display": "84", "missing_lines": 12, "excluded_lines": 0, "percent_statements_covered": 89.65517241379311, "percent_statements_covered_display": "90", "num_branches": 32, "num_partial_branches": 7, "covered_branches": 21, "missing_branches": 11, "percent_branches_covered": 65.625, "percent_branches_covered_display": "66"}, "missing_lines": [59, 69, 148, 163, 211, 271, 322, 323, 324, 325, 326, 345], "excluded_lines": [], "executed_branches": [[50, 51], [50, 53], [98, 99], [100, 101], [180, -166], [180, 181], [207, 208], [207, 210], [210, 213], [222, 223], [222, 234], [224, 225], [270, 273], [275, 276], [275, 277], [277, 278], [277, 280], [321, 328], [328, 329], [328, 335], [344, 351]], "missing_branches": [[98, 100], [100, 102], [210, 211], [224, 234], [270, 271], [321, 322], [323, 324], [323, 326], [324, 323], [324, 325], [344, 345]], "functions": {"_is_git_repo": {"executed_lines": [], "summary": {"covered_lines": 0, "num_statements": 1, "percent_covered": 0.0, "percent_covered_display": "0", "missing_lines": 1, "excluded_lines": 0, "percent_statements_covered": 0.0, "percent_statements_covered_display": "0", "num_branches": 0, "num_partial_branches": 0, "covered_branches": 0, "missing_branches": 0, "percent_branches_covered": 100.0, "percent_branches_covered_display": "100"}, "missing_lines": [59], "excluded_lines": [], "start_line": 57, "executed_branches": [], "missing_branches": []}, "_fetch_git_history": {"executed_lines": [], "summary": {"covered_lines": 0, "num_statements": 1, "percent_covered": 0.0, "percent_covered_display": "0", "missing_lines": 1, "excluded_lines": 0, "percent_statements_covered": 0.0, "percent_statements_covered_display": "0", "num_branches": 0, "num_partial_branches": 0, "covered_branches": 0, "missing_branches": 0, "percent_branches_covered": 100.0, "percent_branches_covered_display": "100"}, "missing_lines": [69], "excluded_lines": [], "start_line": 62, "executed_branches": [], "missing_branches": []}, "_make_degradation_event": {"executed_lines": [80], "summary": {"covered_lines": 1, "num_statements": 1, "percent_covered": 100.0, "percent_covered_display": "100", "missing_lines": 0, "excluded_lines": 0, "percent_statements_covered": 100.0, "percent_statements_covered_display": "100", "num_branches": 0, "num_partial_branches": 0, "covered_branches": 0, "missing_branches": 0, "percent_branches_covered": 100.0, "percent_branches_covered_display": "100"}, "missing_lines": [], "excluded_lines": [], "start_line": 72, "executed_branches": [], "missing_branches": []}, "_mark_analysis_degraded": {"executed_lines": [97, 98, 99, 100, 101, 102], "summary": {"covered_lines": 6, "num_statements": 6, "percent_covered": 80.0, "percent_covered_display": "80", "missing_lines": 0, "excluded_lines": 0, "percent_statements_covered": 100.0, "percent_statements_covered_display": "100", "num_branches": 4, "num_partial_branches": 2, "covered_branches": 2, "missing_branches": 2, "percent_branches_covered": 50.0, "percent_branches_covered_display": "50"}, "missing_lines": [], "excluded_lines": [], "start_line": 88, "executed_branches": [[98, 99], [100, 101]], "missing_branches": [[98, 100], [100, 102]]}, "_run_pipeline": {"executed_lines": [122, 123], "summary": {"covered_lines": 2, "num_statements": 2, "percent_covered": 100.0, "percent_covered_display": "100", "missing_lines": 0, "excluded_lines": 0, "percent_statements_covered": 100.0, "percent_statements_covered_display": "100", "num_branches": 0, "num_partial_branches": 0, "covered_branches": 0, "missing_branches": 0, "percent_branches_covered": 100.0, "percent_branches_covered_display": "100"}, "missing_lines": [], "excluded_lines": [], "start_line": 112, "executed_branches": [], "missing_branches": []}, "_load_history": {"executed_lines": [143], "summary": {"covered_lines": 1, "num_statements": 1, "percent_covered": 100.0, "percent_covered_display": "100", "missing_lines": 0, "excluded_lines": 0, "percent_statements_covered": 100.0, "percent_statements_covered_display": "100", "num_branches": 0, "num_partial_branches": 0, "covered_branches": 0, "missing_branches": 0, "percent_branches_covered": 100.0, "percent_branches_covered_display": "100"}, "missing_lines": [], "excluded_lines": [], "start_line": 141, "executed_branches": [], "missing_branches": []}, "_load_history_with_status": {"executed_lines": [], "summary": {"covered_lines": 0, "num_statements": 1, "percent_covered": 0.0, "percent_covered_display": "0", "missing_lines": 1, "excluded_lines": 0, "percent_statements_covered": 0.0, "percent_statements_covered_display": "0", "num_branches": 0, "num_partial_branches": 0, "covered_branches": 0, "missing_branches": 0, "percent_branches_covered": 100.0, "percent_branches_covered_display": "100"}, "missing_lines": [148], "excluded_lines": [], "start_line": 146, "executed_branches": [], "missing_branches": []}, "_save_history": {"executed_lines": [153], "summary": {"covered_lines": 1, "num_statements": 1, "percent_covered": 100.0, "percent_covered_display": "100", "missing_lines": 0, "excluded_lines": 0, "percent_statements_covered": 100.0, "percent_statements_covered_display": "100", "num_branches": 0, "num_partial_branches": 0, "covered_branches": 0, "missing_branches": 0, "percent_branches_covered": 100.0, "percent_branches_covered_display": "100"}, "missing_lines": [], "excluded_lines": [], "start_line": 151, "executed_branches": [], "missing_branches": []}, "_build_trend_context": {"executed_lines": [158], "summary": {"covered_lines": 1, "num_statements": 1, "percent_covered": 100.0, "percent_covered_display": "100", "missing_lines": 0, "excluded_lines": 0, "percent_statements_covered": 100.0, "percent_statements_covered_display": "100", "num_branches": 0, "num_partial_branches": 0, "covered_branches": 0, "missing_branches": 0, "percent_branches_covered": 100.0, "percent_branches_covered_display": "100"}, "missing_lines": [], "excluded_lines": [], "start_line": 156, "executed_branches": [], "missing_branches": []}, "_snapshot_scope": {"executed_lines": [], "summary": {"covered_lines": 0, "num_statements": 1, "percent_covered": 0.0, "percent_covered_display": "0", "missing_lines": 1, "excluded_lines": 0, "percent_statements_covered": 0.0, "percent_statements_covered_display": "0", "num_branches": 0, "num_partial_branches": 0, "covered_branches": 0, "missing_branches": 0, "percent_branches_covered": 100.0, "percent_branches_covered_display": "100"}, "missing_lines": [163], "excluded_lines": [], "start_line": 161, "executed_branches": [], "missing_branches": []}, "_apply_trend_and_persist_snapshot": {"executed_lines": [174, 180, 181], "summary": {"covered_lines": 3, "num_statements": 3, "percent_covered": 100.0, "percent_covered_display": "100", "missing_lines": 0, "excluded_lines": 0, "percent_statements_covered": 100.0, "percent_statements_covered_display": "100", "num_branches": 2, "num_partial_branches": 0, "covered_branches": 2, "missing_branches": 0, "percent_branches_covered": 100.0, "percent_branches_covered_display": "100"}, "missing_lines": [], "excluded_lines": [], "start_line": 166, "executed_branches": [[180, -166], [180, 181]], "missing_branches": []}, "analyze_repo": {"executed_lines": [205, 206, 207, 208, 210, 213, 214, 222, 223, 224, 225, 234, 243, 244, 245, 247, 254], "summary": {"covered_lines": 17, "num_statements": 18, "percent_covered": 88.46153846153847, "percent_covered_display": "88", "missing_lines": 1, "excluded_lines": 0, "percent_statements_covered": 94.44444444444444, "percent_statements_covered_display": "94", "num_branches": 8, "num_partial_branches": 2, "covered_branches": 6, "missing_branches": 2, "percent_branches_covered": 75.0, "percent_branches_covered_display": "75"}, "missing_lines": [211], "excluded_lines": [], "start_line": 195, "executed_branches": [[207, 208], [207, 210], [210, 213], [222, 223], [222, 234], [224, 225]], "missing_branches": [[210, 211], [224, 234]]}, "analyze_diff": {"executed_lines": [267, 268, 269, 270, 273, 274, 275, 276, 277, 278, 280, 282, 292, 293, 294, 300, 306, 307, 314, 318, 320, 321, 328, 329, 335, 341, 342, 344, 351, 359, 361, 368], "summary": {"covered_lines": 32, "num_statements": 39, "percent_covered": 74.54545454545455, "percent_covered_display": "75", "missing_lines": 7, "excluded_lines": 0, "percent_statements_covered": 82.05128205128206, "percent_statements_covered_display": "82", "num_branches": 16, "num_partial_branches": 3, "covered_branches": 9, "missing_branches": 7, "percent_branches_covered": 56.25, "percent_branches_covered_display": "56"}, "missing_lines": [271, 322, 323, 324, 325, 326, 345], "excluded_lines": [], "start_line": 257, "executed_branches": [[270, 273], [275, 276], [275, 277], [277, 278], [277, 280], [321, 328], [328, 329], [328, 335], [344, 351]], "missing_branches": [[270, 271], [321, 322], [323, 324], [323, 326], [324, 323], [324, 325], [344, 345]]}, "": {"executed_lines": [3, 5, 6, 7, 8, 9, 10, 11, 12, 14, 15, 16, 17, 18, 26, 27, 30, 33, 36, 39, 42, 45, 50, 51, 53, 54, 57, 62, 72, 88, 112, 138, 141, 146, 151, 156, 161, 166, 195, 257], "summary": {"covered_lines": 40, "num_statements": 40, "percent_covered": 100.0, "percent_covered_display": "100", "missing_lines": 0, "excluded_lines": 0, "percent_statements_covered": 100.0, "percent_statements_covered_display": "100", "num_branches": 2, "num_partial_branches": 0, "covered_branches": 2, "missing_branches": 0, "percent_branches_covered": 100.0, "percent_branches_covered_display": "100"}, "missing_lines": [], "excluded_lines": [], "start_line": 1, "executed_branches": [[50, 51], [50, 53]], "missing_branches": []}}, "classes": {"": {"executed_lines": [3, 5, 6, 7, 8, 9, 10, 11, 12, 14, 15, 16, 17, 18, 26, 27, 30, 33, 36, 39, 42, 45, 50, 51, 53, 54, 57, 62, 72, 80, 88, 97, 98, 99, 100, 101, 102, 112, 122, 123, 138, 141, 143, 146, 151, 153, 156, 158, 161, 166, 174, 180, 181, 195, 205, 206, 207, 208, 210, 213, 214, 222, 223, 224, 225, 234, 243, 244, 245, 247, 254, 257, 267, 268, 269, 270, 273, 274, 275, 276, 277, 278, 280, 282, 292, 293, 294, 300, 306, 307, 314, 318, 320, 321, 328, 329, 335, 341, 342, 344, 351, 359, 361, 368], "summary": {"covered_lines": 104, "num_statements": 116, "percent_covered": 84.45945945945945, "percent_covered_display": "84", "missing_lines": 12, "excluded_lines": 0, "percent_statements_covered": 89.65517241379311, "percent_statements_covered_display": "90", "num_branches": 32, "num_partial_branches": 7, "covered_branches": 21, "missing_branches": 11, "percent_branches_covered": 65.625, "percent_branches_covered_display": "66"}, "missing_lines": [59, 69, 148, 163, 211, 271, 322, 323, 324, 325, 326, 345], "excluded_lines": [], "start_line": 1, "executed_branches": [[50, 51], [50, 53], [98, 99], [100, 101], [180, -166], [180, 181], [207, 208], [207, 210], [210, 213], [222, 223], [222, 234], [224, 225], [270, 273], [275, 276], [275, 277], [277, 278], [277, 280], [321, 328], [328, 329], [328, 335], [344, 351]], "missing_branches": [[98, 100], [100, 102], [210, 211], [224, 234], [270, 271], [321, 322], [323, 324], [323, 326], [324, 323], [324, 325], [344, 345]]}}}, "src/drift/analyzers/typescript/__init__.py": {"executed_lines": [], "summary": {"covered_lines": 0, "num_statements": 0, "percent_covered": 100.0, "percent_covered_display": "100", "missing_lines": 0, "excluded_lines": 0, "percent_statements_covered": 100.0, "percent_statements_covered_display": "100", "num_branches": 0, "num_partial_branches": 0, "covered_branches": 0, "missing_branches": 0, "percent_branches_covered": 100.0, "percent_branches_covered_display": "100"}, "missing_lines": [], "excluded_lines": [], "executed_branches": [], "missing_branches": [], "functions": {"": {"executed_lines": [], "summary": {"covered_lines": 0, "num_statements": 0, "percent_covered": 100.0, "percent_covered_display": "100", "missing_lines": 0, "excluded_lines": 0, "percent_statements_covered": 100.0, "percent_statements_covered_display": "100", "num_branches": 0, "num_partial_branches": 0, "covered_branches": 0, "missing_branches": 0, "percent_branches_covered": 100.0, "percent_branches_covered_display": "100"}, "missing_lines": [], "excluded_lines": [], "start_line": 1, "executed_branches": [], "missing_branches": []}}, "classes": {"": {"executed_lines": [], "summary": {"covered_lines": 0, "num_statements": 0, "percent_covered": 100.0, "percent_covered_display": "100", "missing_lines": 0, "excluded_lines": 0, "percent_statements_covered": 100.0, "percent_statements_covered_display": "100", "num_branches": 0, "num_partial_branches": 0, "covered_branches": 0, "missing_branches": 0, "percent_branches_covered": 100.0, "percent_branches_covered_display": "100"}, "missing_lines": [], "excluded_lines": [], "start_line": 1, "executed_branches": [], "missing_branches": []}}}, "src/drift/analyzers/typescript/_path_utils.py": {"executed_lines": [3, 5, 8, 10, 11, 12, 13], "summary": {"covered_lines": 7, "num_statements": 7, "percent_covered": 100.0, "percent_covered_display": "100", "missing_lines": 0, "excluded_lines": 0, "percent_statements_covered": 100.0, "percent_statements_covered_display": "100", "num_branches": 0, "num_partial_branches": 0, "covered_branches": 0, "missing_branches": 0, "percent_branches_covered": 100.0, "percent_branches_covered_display": "100"}, "missing_lines": [], "excluded_lines": [], "executed_branches": [], "missing_branches": [], "functions": {"relative_to_or_none": {"executed_lines": [10, 11, 12, 13], "summary": {"covered_lines": 4, "num_statements": 4, "percent_covered": 100.0, "percent_covered_display": "100", "missing_lines": 0, "excluded_lines": 0, "percent_statements_covered": 100.0, "percent_statements_covered_display": "100", "num_branches": 0, "num_partial_branches": 0, "covered_branches": 0, "missing_branches": 0, "percent_branches_covered": 100.0, "percent_branches_covered_display": "100"}, "missing_lines": [], "excluded_lines": [], "start_line": 8, "executed_branches": [], "missing_branches": []}, "": {"executed_lines": [3, 5, 8], "summary": {"covered_lines": 3, "num_statements": 3, "percent_covered": 100.0, "percent_covered_display": "100", "missing_lines": 0, "excluded_lines": 0, "percent_statements_covered": 100.0, "percent_statements_covered_display": "100", "num_branches": 0, "num_partial_branches": 0, "covered_branches": 0, "missing_branches": 0, "percent_branches_covered": 100.0, "percent_branches_covered_display": "100"}, "missing_lines": [], "excluded_lines": [], "start_line": 1, "executed_branches": [], "missing_branches": []}}, "classes": {"": {"executed_lines": [3, 5, 8, 10, 11, 12, 13], "summary": {"covered_lines": 7, "num_statements": 7, "percent_covered": 100.0, "percent_covered_display": "100", "missing_lines": 0, "excluded_lines": 0, "percent_statements_covered": 100.0, "percent_statements_covered_display": "100", "num_branches": 0, "num_partial_branches": 0, "covered_branches": 0, "missing_branches": 0, "percent_branches_covered": 100.0, "percent_branches_covered_display": "100"}, "missing_lines": [], "excluded_lines": [], "start_line": 1, "executed_branches": [], "missing_branches": []}}}, "src/drift/analyzers/typescript/alias_resolver.py": {"executed_lines": [3, 5, 6, 7, 8, 10, 12, 13, 16, 18, 19, 23, 24, 26, 29, 31, 32, 36, 39, 41, 42, 51, 54, 56, 57, 58, 59, 62, 63, 64, 69, 71, 72, 74, 75, 76, 78, 79, 81, 82, 85, 86, 87, 89, 90, 92, 94, 97, 99, 100, 102, 103, 104, 105, 107, 110, 111, 112, 114, 115, 117, 118, 122, 123, 125, 128, 130, 131, 133, 136, 137, 138, 139, 142, 143, 146, 148, 149, 151, 154, 157, 159, 162, 163, 164, 165, 175, 190, 192, 195, 196, 197, 199, 201, 202, 203, 205, 206, 209, 210, 213, 214, 217, 218, 219, 221], "summary": {"covered_lines": 106, "num_statements": 136, "percent_covered": 72.85714285714286, "percent_covered_display": "73", "missing_lines": 30, "excluded_lines": 0, "percent_statements_covered": 77.94117647058823, "percent_statements_covered_display": "78", "num_branches": 74, "num_partial_branches": 23, "covered_branches": 47, "missing_branches": 27, "percent_branches_covered": 63.513513513513516, "percent_branches_covered_display": "64"}, "missing_lines": [20, 21, 25, 33, 34, 44, 49, 52, 60, 66, 77, 83, 91, 108, 113, 119, 120, 134, 140, 152, 160, 167, 168, 169, 170, 172, 193, 207, 211, 215], "excluded_lines": [], "executed_branches": [[24, 26], [42, 51], [51, 54], [57, 58], [57, 59], [59, 62], [62, 63], [63, 62], [63, 64], [76, 78], [82, 85], [86, 87], [86, 89], [90, 92], [102, 103], [102, 125], [107, 110], [111, 102], [111, 112], [112, 114], [114, 115], [114, 117], [118, 122], [130, 131], [130, 133], [133, 136], [137, 138], [137, 139], [139, 142], [148, 149], [148, 151], [151, 154], [159, 162], [162, 163], [164, 165], [192, 195], [196, 197], [196, 199], [199, 201], [199, 221], [202, 203], [202, 205], [205, 206], [206, 209], [210, 213], [214, 217], [218, 219]], "missing_branches": [[24, 25], [42, 44], [51, 52], [59, 60], [62, 66], [76, 77], [82, 83], [90, 91], [107, 108], [112, 113], [118, 119], [133, 134], [139, 140], [151, 152], [159, 160], [162, 167], [164, 162], [167, 168], [167, 172], [169, 167], [169, 170], [192, 193], [205, 199], [206, 207], [210, 211], [214, 215], [218, 205]], "functions": {"_load_compiler_options": {"executed_lines": [18, 19, 23, 24, 26], "summary": {"covered_lines": 5, "num_statements": 8, "percent_covered": 60.0, "percent_covered_display": "60", "missing_lines": 3, "excluded_lines": 0, "percent_statements_covered": 62.5, "percent_statements_covered_display": "62", "num_branches": 2, "num_partial_branches": 1, "covered_branches": 1, "missing_branches": 1, "percent_branches_covered": 50.0, "percent_branches_covered_display": "50"}, "missing_lines": [20, 21, 25], "excluded_lines": [], "start_line": 16, "executed_branches": [[24, 26]], "missing_branches": [[24, 25]]}, "_load_tsconfig_data": {"executed_lines": [31, 32, 36], "summary": {"covered_lines": 3, "num_statements": 5, "percent_covered": 60.0, "percent_covered_display": "60", "missing_lines": 2, "excluded_lines": 0, "percent_statements_covered": 60.0, "percent_statements_covered_display": "60", "num_branches": 0, "num_partial_branches": 0, "covered_branches": 0, "missing_branches": 0, "percent_branches_covered": 100.0, "percent_branches_covered_display": "100"}, "missing_lines": [33, 34], "excluded_lines": [], "start_line": 29, "executed_branches": [], "missing_branches": []}, "_resolve_extends_path": {"executed_lines": [41, 42, 51, 54, 56, 57, 58, 59, 62, 63, 64], "summary": {"covered_lines": 11, "num_statements": 16, "percent_covered": 67.85714285714286, "percent_covered_display": "68", "missing_lines": 5, "excluded_lines": 0, "percent_statements_covered": 68.75, "percent_statements_covered_display": "69", "num_branches": 12, "num_partial_branches": 4, "covered_branches": 8, "missing_branches": 4, "percent_branches_covered": 66.66666666666667, "percent_branches_covered_display": "67"}, "missing_lines": [44, 49, 52, 60, 66], "excluded_lines": [], "start_line": 39, "executed_branches": [[42, 51], [51, 54], [57, 58], [57, 59], [59, 62], [62, 63], [63, 62], [63, 64]], "missing_branches": [[42, 44], [51, 52], [59, 60], [62, 66]]}, "_collect_tsconfig_chain": {"executed_lines": [71, 72, 74, 75, 76, 78, 79, 81, 82, 85, 86, 87, 89, 90, 92, 94], "summary": {"covered_lines": 16, "num_statements": 19, "percent_covered": 77.77777777777777, "percent_covered_display": "78", "missing_lines": 3, "excluded_lines": 0, "percent_statements_covered": 84.21052631578948, "percent_statements_covered_display": "84", "num_branches": 8, "num_partial_branches": 3, "covered_branches": 5, "missing_branches": 3, "percent_branches_covered": 62.5, "percent_branches_covered_display": "62"}, "missing_lines": [77, 83, 91], "excluded_lines": [], "start_line": 69, "executed_branches": [[76, 78], [82, 85], [86, 87], [86, 89], [90, 92]], "missing_branches": [[76, 77], [82, 83], [90, 91]]}, "_iter_effective_paths": {"executed_lines": [99, 100, 102, 103, 104, 105, 107, 110, 111, 112, 114, 115, 117, 118, 122, 123, 125], "summary": {"covered_lines": 17, "num_statements": 21, "percent_covered": 78.78787878787878, "percent_covered_display": "79", "missing_lines": 4, "excluded_lines": 0, "percent_statements_covered": 80.95238095238095, "percent_statements_covered_display": "81", "num_branches": 12, "num_partial_branches": 3, "covered_branches": 9, "missing_branches": 3, "percent_branches_covered": 75.0, "percent_branches_covered_display": "75"}, "missing_lines": [108, 113, 119, 120], "excluded_lines": [], "start_line": 97, "executed_branches": [[102, 103], [102, 125], [107, 110], [111, 102], [111, 112], [112, 114], [114, 115], [114, 117], [118, 122]], "missing_branches": [[107, 108], [112, 113], [118, 119]]}, "_match_alias_pattern": {"executed_lines": [130, 131, 133, 136, 137, 138, 139, 142, 143], "summary": {"covered_lines": 9, "num_statements": 11, "percent_covered": 78.94736842105263, "percent_covered_display": "79", "missing_lines": 2, "excluded_lines": 0, "percent_statements_covered": 81.81818181818181, "percent_statements_covered_display": "82", "num_branches": 8, "num_partial_branches": 2, "covered_branches": 6, "missing_branches": 2, "percent_branches_covered": 75.0, "percent_branches_covered_display": "75"}, "missing_lines": [134, 140], "excluded_lines": [], "start_line": 128, "executed_branches": [[130, 131], [130, 133], [133, 136], [137, 138], [137, 139], [139, 142]], "missing_branches": [[133, 134], [139, 140]]}, "_expand_target_pattern": {"executed_lines": [148, 149, 151, 154], "summary": {"covered_lines": 4, "num_statements": 5, "percent_covered": 77.77777777777777, "percent_covered_display": "78", "missing_lines": 1, "excluded_lines": 0, "percent_statements_covered": 80.0, "percent_statements_covered_display": "80", "num_branches": 4, "num_partial_branches": 1, "covered_branches": 3, "missing_branches": 1, "percent_branches_covered": 75.0, "percent_branches_covered_display": "75"}, "missing_lines": [152], "excluded_lines": [], "start_line": 146, "executed_branches": [[148, 149], [148, 151], [151, 154]], "missing_branches": [[151, 152]]}, "_resolve_candidate_file": {"executed_lines": [159, 162, 163, 164, 165], "summary": {"covered_lines": 5, "num_statements": 11, "percent_covered": 38.095238095238095, "percent_covered_display": "38", "missing_lines": 6, "excluded_lines": 0, "percent_statements_covered": 45.45454545454545, "percent_statements_covered_display": "45", "num_branches": 10, "num_partial_branches": 3, "covered_branches": 3, "missing_branches": 7, "percent_branches_covered": 30.0, "percent_branches_covered_display": "30"}, "missing_lines": [160, 167, 168, 169, 170, 172], "excluded_lines": [], "start_line": 157, "executed_branches": [[159, 162], [162, 163], [164, 165]], "missing_branches": [[159, 160], [162, 167], [164, 162], [167, 168], [167, 172], [169, 167], [169, 170]]}, "resolve_tsconfig_alias_import": {"executed_lines": [190, 192, 195, 196, 197, 199, 201, 202, 203, 205, 206, 209, 210, 213, 214, 217, 218, 219, 221], "summary": {"covered_lines": 19, "num_statements": 23, "percent_covered": 75.60975609756098, "percent_covered_display": "76", "missing_lines": 4, "excluded_lines": 0, "percent_statements_covered": 82.6086956521739, "percent_statements_covered_display": "83", "num_branches": 18, "num_partial_branches": 6, "covered_branches": 12, "missing_branches": 6, "percent_branches_covered": 66.66666666666667, "percent_branches_covered_display": "67"}, "missing_lines": [193, 207, 211, 215], "excluded_lines": [], "start_line": 175, "executed_branches": [[192, 195], [196, 197], [196, 199], [199, 201], [199, 221], [202, 203], [202, 205], [205, 206], [206, 209], [210, 213], [214, 217], [218, 219]], "missing_branches": [[192, 193], [205, 199], [206, 207], [210, 211], [214, 215], [218, 205]]}, "": {"executed_lines": [3, 5, 6, 7, 8, 10, 12, 13, 16, 29, 39, 69, 97, 128, 146, 157, 175], "summary": {"covered_lines": 17, "num_statements": 17, "percent_covered": 100.0, "percent_covered_display": "100", "missing_lines": 0, "excluded_lines": 0, "percent_statements_covered": 100.0, "percent_statements_covered_display": "100", "num_branches": 0, "num_partial_branches": 0, "covered_branches": 0, "missing_branches": 0, "percent_branches_covered": 100.0, "percent_branches_covered_display": "100"}, "missing_lines": [], "excluded_lines": [], "start_line": 1, "executed_branches": [], "missing_branches": []}}, "classes": {"": {"executed_lines": [3, 5, 6, 7, 8, 10, 12, 13, 16, 18, 19, 23, 24, 26, 29, 31, 32, 36, 39, 41, 42, 51, 54, 56, 57, 58, 59, 62, 63, 64, 69, 71, 72, 74, 75, 76, 78, 79, 81, 82, 85, 86, 87, 89, 90, 92, 94, 97, 99, 100, 102, 103, 104, 105, 107, 110, 111, 112, 114, 115, 117, 118, 122, 123, 125, 128, 130, 131, 133, 136, 137, 138, 139, 142, 143, 146, 148, 149, 151, 154, 157, 159, 162, 163, 164, 165, 175, 190, 192, 195, 196, 197, 199, 201, 202, 203, 205, 206, 209, 210, 213, 214, 217, 218, 219, 221], "summary": {"covered_lines": 106, "num_statements": 136, "percent_covered": 72.85714285714286, "percent_covered_display": "73", "missing_lines": 30, "excluded_lines": 0, "percent_statements_covered": 77.94117647058823, "percent_statements_covered_display": "78", "num_branches": 74, "num_partial_branches": 23, "covered_branches": 47, "missing_branches": 27, "percent_branches_covered": 63.513513513513516, "percent_branches_covered_display": "64"}, "missing_lines": [20, 21, 25, 33, 34, 44, 49, 52, 60, 66, 77, 83, 91, 108, 113, 119, 120, 134, 140, 152, 160, 167, 168, 169, 170, 172, 193, 207, 211, 215], "excluded_lines": [], "start_line": 1, "executed_branches": [[24, 26], [42, 51], [51, 54], [57, 58], [57, 59], [59, 62], [62, 63], [63, 62], [63, 64], [76, 78], [82, 85], [86, 87], [86, 89], [90, 92], [102, 103], [102, 125], [107, 110], [111, 102], [111, 112], [112, 114], [114, 115], [114, 117], [118, 122], [130, 131], [130, 133], [133, 136], [137, 138], [137, 139], [139, 142], [148, 149], [148, 151], [151, 154], [159, 162], [162, 163], [164, 165], [192, 195], [196, 197], [196, 199], [199, 201], [199, 221], [202, 203], [202, 205], [205, 206], [206, 209], [210, 213], [214, 217], [218, 219]], "missing_branches": [[24, 25], [42, 44], [51, 52], [59, 60], [62, 66], [76, 77], [82, 83], [90, 91], [107, 108], [112, 113], [118, 119], [133, 134], [139, 140], [151, 152], [159, 160], [162, 167], [164, 162], [167, 168], [167, 172], [169, 167], [169, 170], [192, 193], [205, 199], [206, 207], [210, 211], [214, 215], [218, 205]]}}}, "src/drift/analyzers/typescript/barrel_resolver.py": {"executed_lines": [3, 5, 6, 7, 8, 10, 13, 18, 19, 22, 23, 26, 28, 31, 33, 36, 38, 42, 43, 44, 45, 55, 57, 58, 59, 60, 63, 66, 73, 75, 78, 80, 82, 83, 84, 85, 86, 88, 89, 90, 97, 100, 110, 111, 113, 114, 116, 117, 118, 120, 123, 124, 126, 128, 129, 131], "summary": {"covered_lines": 56, "num_statements": 74, "percent_covered": 71.55172413793103, "percent_covered_display": "72", "missing_lines": 18, "excluded_lines": 0, "percent_statements_covered": 75.67567567567568, "percent_statements_covered_display": "76", "num_branches": 42, "num_partial_branches": 9, "covered_branches": 27, "missing_branches": 15, "percent_branches_covered": 64.28571428571429, "percent_branches_covered_display": "64"}, "missing_lines": [34, 39, 40, 47, 48, 49, 50, 52, 61, 64, 67, 68, 69, 70, 71, 119, 121, 125], "excluded_lines": [], "executed_branches": [[33, 36], [38, 42], [42, 43], [44, 42], [44, 45], [58, 59], [58, 75], [60, 63], [63, 66], [66, 73], [82, 83], [82, 97], [84, 85], [84, 88], [89, 82], [89, 90], [110, 111], [110, 113], [116, 117], [116, 128], [117, 118], [117, 123], [118, 120], [120, 123], [124, 126], [128, 129], [128, 131]], "missing_branches": [[33, 34], [38, 39], [42, 47], [47, 48], [47, 52], [49, 47], [49, 50], [60, 61], [63, 64], [66, 67], [69, 70], [69, 71], [118, 119], [120, 121], [124, 125]], "functions": {"_normalize_rel_path": {"executed_lines": [28], "summary": {"covered_lines": 1, "num_statements": 1, "percent_covered": 100.0, "percent_covered_display": "100", "missing_lines": 0, "excluded_lines": 0, "percent_statements_covered": 100.0, "percent_statements_covered_display": "100", "num_branches": 0, "num_partial_branches": 0, "covered_branches": 0, "missing_branches": 0, "percent_branches_covered": 100.0, "percent_branches_covered_display": "100"}, "missing_lines": [], "excluded_lines": [], "start_line": 26, "executed_branches": [], "missing_branches": []}, "_resolve_relative_target": {"executed_lines": [33, 36, 38, 42, 43, 44, 45], "summary": {"covered_lines": 7, "num_statements": 15, "percent_covered": 44.44444444444444, "percent_covered_display": "44", "missing_lines": 8, "excluded_lines": 0, "percent_statements_covered": 46.666666666666664, "percent_statements_covered_display": "47", "num_branches": 12, "num_partial_branches": 3, "covered_branches": 5, "missing_branches": 7, "percent_branches_covered": 41.666666666666664, "percent_branches_covered_display": "42"}, "missing_lines": [34, 39, 40, 47, 48, 49, 50, 52], "excluded_lines": [], "start_line": 31, "executed_branches": [[33, 36], [38, 42], [42, 43], [44, 42], [44, 45]], "missing_branches": [[33, 34], [38, 39], [42, 47], [47, 48], [47, 52], [49, 47], [49, 50]]}, "_parse_named_export_names": {"executed_lines": [57, 58, 59, 60, 63, 66, 73, 75], "summary": {"covered_lines": 8, "num_statements": 15, "percent_covered": 52.0, "percent_covered_display": "52", "missing_lines": 7, "excluded_lines": 0, "percent_statements_covered": 53.333333333333336, "percent_statements_covered_display": "53", "num_branches": 10, "num_partial_branches": 3, "covered_branches": 5, "missing_branches": 5, "percent_branches_covered": 50.0, "percent_branches_covered_display": "50"}, "missing_lines": [61, 64, 67, 68, 69, 70, 71], "excluded_lines": [], "start_line": 55, "executed_branches": [[58, 59], [58, 75], [60, 63], [63, 66], [66, 73]], "missing_branches": [[60, 61], [63, 64], [66, 67], [69, 70], [69, 71]]}, "_extract_barrel_exports": {"executed_lines": [80, 82, 83, 84, 85, 86, 88, 89, 90, 97], "summary": {"covered_lines": 10, "num_statements": 10, "percent_covered": 100.0, "percent_covered_display": "100", "missing_lines": 0, "excluded_lines": 0, "percent_statements_covered": 100.0, "percent_statements_covered_display": "100", "num_branches": 6, "num_partial_branches": 0, "covered_branches": 6, "missing_branches": 0, "percent_branches_covered": 100.0, "percent_branches_covered_display": "100"}, "missing_lines": [], "excluded_lines": [], "start_line": 78, "executed_branches": [[82, 83], [82, 97], [84, 85], [84, 88], [89, 82], [89, 90]], "missing_branches": []}, "resolve_index_barrel_target": {"executed_lines": [110, 111, 113, 114, 116, 117, 118, 120, 123, 124, 126, 128, 129, 131], "summary": {"covered_lines": 14, "num_statements": 17, "percent_covered": 80.64516129032258, "percent_covered_display": "81", "missing_lines": 3, "excluded_lines": 0, "percent_statements_covered": 82.3529411764706, "percent_statements_covered_display": "82", "num_branches": 14, "num_partial_branches": 3, "covered_branches": 11, "missing_branches": 3, "percent_branches_covered": 78.57142857142857, "percent_branches_covered_display": "79"}, "missing_lines": [119, 121, 125], "excluded_lines": [], "start_line": 100, "executed_branches": [[110, 111], [110, 113], [116, 117], [116, 128], [117, 118], [117, 123], [118, 120], [120, 123], [124, 126], [128, 129], [128, 131]], "missing_branches": [[118, 119], [120, 121], [124, 125]]}, "": {"executed_lines": [3, 5, 6, 7, 8, 10, 13, 18, 19, 22, 23, 26, 31, 55, 78, 100], "summary": {"covered_lines": 16, "num_statements": 16, "percent_covered": 100.0, "percent_covered_display": "100", "missing_lines": 0, "excluded_lines": 0, "percent_statements_covered": 100.0, "percent_statements_covered_display": "100", "num_branches": 0, "num_partial_branches": 0, "covered_branches": 0, "missing_branches": 0, "percent_branches_covered": 100.0, "percent_branches_covered_display": "100"}, "missing_lines": [], "excluded_lines": [], "start_line": 1, "executed_branches": [], "missing_branches": []}}, "classes": {"BarrelExport": {"executed_lines": [], "summary": {"covered_lines": 0, "num_statements": 0, "percent_covered": 100.0, "percent_covered_display": "100", "missing_lines": 0, "excluded_lines": 0, "percent_statements_covered": 100.0, "percent_statements_covered_display": "100", "num_branches": 0, "num_partial_branches": 0, "covered_branches": 0, "missing_branches": 0, "percent_branches_covered": 100.0, "percent_branches_covered_display": "100"}, "missing_lines": [], "excluded_lines": [], "start_line": 19, "executed_branches": [], "missing_branches": []}, "": {"executed_lines": [3, 5, 6, 7, 8, 10, 13, 18, 19, 22, 23, 26, 28, 31, 33, 36, 38, 42, 43, 44, 45, 55, 57, 58, 59, 60, 63, 66, 73, 75, 78, 80, 82, 83, 84, 85, 86, 88, 89, 90, 97, 100, 110, 111, 113, 114, 116, 117, 118, 120, 123, 124, 126, 128, 129, 131], "summary": {"covered_lines": 56, "num_statements": 74, "percent_covered": 71.55172413793103, "percent_covered_display": "72", "missing_lines": 18, "excluded_lines": 0, "percent_statements_covered": 75.67567567567568, "percent_statements_covered_display": "76", "num_branches": 42, "num_partial_branches": 9, "covered_branches": 27, "missing_branches": 15, "percent_branches_covered": 64.28571428571429, "percent_branches_covered_display": "64"}, "missing_lines": [34, 39, 40, 47, 48, 49, 50, 52, 61, 64, 67, 68, 69, 70, 71, 119, 121, 125], "excluded_lines": [], "start_line": 1, "executed_branches": [[33, 36], [38, 42], [42, 43], [44, 42], [44, 45], [58, 59], [58, 75], [60, 63], [63, 66], [66, 73], [82, 83], [82, 97], [84, 85], [84, 88], [89, 82], [89, 90], [110, 111], [110, 113], [116, 117], [116, 128], [117, 118], [117, 123], [118, 120], [120, 123], [124, 126], [128, 129], [128, 131]], "missing_branches": [[33, 34], [38, 39], [42, 47], [47, 48], [47, 52], [49, 47], [49, 50], [60, 61], [63, 64], [66, 67], [69, 70], [69, 71], [118, 119], [120, 121], [124, 125]]}}}, "src/drift/analyzers/typescript/import_graph.py": {"executed_lines": [8, 10, 11, 12, 13, 15, 16, 18, 21, 25, 36, 37, 40, 41, 44, 46, 47, 49, 54, 59, 62, 64, 65, 66, 67, 69, 70, 71, 72, 75, 78, 85, 87, 90, 92, 93, 94, 95, 97, 98, 99, 100, 106, 108, 109, 110, 117, 120, 122, 125, 131, 132, 134, 137, 144, 145, 146, 147, 150, 151, 152, 153, 158, 165, 167, 168, 169, 170, 172, 173, 174, 175, 180, 181, 183, 188, 189, 191, 193], "summary": {"covered_lines": 79, "num_statements": 91, "percent_covered": 83.70370370370371, "percent_covered_display": "84", "missing_lines": 12, "excluded_lines": 0, "percent_statements_covered": 86.81318681318682, "percent_statements_covered_display": "87", "num_branches": 44, "num_partial_branches": 6, "covered_branches": 34, "missing_branches": 10, "percent_branches_covered": 77.27272727272727, "percent_branches_covered_display": "77"}, "missing_lines": [73, 76, 79, 80, 81, 82, 83, 138, 139, 140, 141, 155], "excluded_lines": [], "executed_branches": [[66, 67], [66, 69], [70, 71], [70, 87], [72, 75], [75, 78], [78, 85], [93, 94], [93, 117], [94, 95], [94, 97], [98, 99], [98, 108], [109, 110], [131, 132], [131, 134], [137, 144], [144, 145], [144, 150], [146, 144], [146, 147], [150, 151], [152, 150], [152, 153], [167, 168], [167, 193], [172, 167], [172, 173], [174, 175], [174, 180], [180, 181], [180, 183], [188, 189], [188, 191]], "missing_branches": [[72, 73], [75, 76], [78, 79], [81, 82], [81, 83], [109, 93], [137, 138], [139, 140], [139, 141], [150, 155]], "functions": {"_iter_ts_sources": {"executed_lines": [46, 49, 54, 59], "summary": {"covered_lines": 4, "num_statements": 4, "percent_covered": 100.0, "percent_covered_display": "100", "missing_lines": 0, "excluded_lines": 0, "percent_statements_covered": 100.0, "percent_statements_covered_display": "100", "num_branches": 0, "num_partial_branches": 0, "covered_branches": 0, "missing_branches": 0, "percent_branches_covered": 100.0, "percent_branches_covered_display": "100"}, "missing_lines": [], "excluded_lines": [], "start_line": 44, "executed_branches": [], "missing_branches": []}, "_iter_ts_sources._is_ignored": {"executed_lines": [47], "summary": {"covered_lines": 1, "num_statements": 1, "percent_covered": 100.0, "percent_covered_display": "100", "missing_lines": 0, "excluded_lines": 0, "percent_statements_covered": 100.0, "percent_statements_covered_display": "100", "num_branches": 0, "num_partial_branches": 0, "covered_branches": 0, "missing_branches": 0, "percent_branches_covered": 100.0, "percent_branches_covered_display": "100"}, "missing_lines": [], "excluded_lines": [], "start_line": 46, "executed_branches": [], "missing_branches": []}, "_parse_named_import_symbols": {"executed_lines": [64, 65, 66, 67, 69, 70, 71, 72, 75, 78, 85, 87], "summary": {"covered_lines": 12, "num_statements": 19, "percent_covered": 61.29032258064516, "percent_covered_display": "61", "missing_lines": 7, "excluded_lines": 0, "percent_statements_covered": 63.1578947368421, "percent_statements_covered_display": "63", "num_branches": 12, "num_partial_branches": 3, "covered_branches": 7, "missing_branches": 5, "percent_branches_covered": 58.333333333333336, "percent_branches_covered_display": "58"}, "missing_lines": [73, 76, 79, 80, 81, 82, 83], "excluded_lines": [], "start_line": 62, "executed_branches": [[66, 67], [66, 69], [70, 71], [70, 87], [72, 75], [75, 78], [78, 85]], "missing_branches": [[72, 73], [75, 76], [78, 79], [81, 82], [81, 83]]}, "_extract_import_statements": {"executed_lines": [92, 93, 94, 95, 97, 98, 99, 100, 106, 108, 109, 110, 117], "summary": {"covered_lines": 13, "num_statements": 13, "percent_covered": 95.23809523809524, "percent_covered_display": "95", "missing_lines": 0, "excluded_lines": 0, "percent_statements_covered": 100.0, "percent_statements_covered_display": "100", "num_branches": 8, "num_partial_branches": 1, "covered_branches": 7, "missing_branches": 1, "percent_branches_covered": 87.5, "percent_branches_covered_display": "88"}, "missing_lines": [], "excluded_lines": [], "start_line": 90, "executed_branches": [[93, 94], [93, 117], [94, 95], [94, 97], [98, 99], [98, 108], [109, 110]], "missing_branches": [[109, 93]]}, "_normalize_rel_path": {"executed_lines": [122], "summary": {"covered_lines": 1, "num_statements": 1, "percent_covered": 100.0, "percent_covered_display": "100", "missing_lines": 0, "excluded_lines": 0, "percent_statements_covered": 100.0, "percent_statements_covered_display": "100", "num_branches": 0, "num_partial_branches": 0, "covered_branches": 0, "missing_branches": 0, "percent_branches_covered": 100.0, "percent_branches_covered_display": "100"}, "missing_lines": [], "excluded_lines": [], "start_line": 120, "executed_branches": [], "missing_branches": []}, "_resolve_relative_target": {"executed_lines": [131, 132, 134, 137, 144, 145, 146, 147, 150, 151, 152, 153], "summary": {"covered_lines": 12, "num_statements": 17, "percent_covered": 70.96774193548387, "percent_covered_display": "71", "missing_lines": 5, "excluded_lines": 0, "percent_statements_covered": 70.58823529411765, "percent_statements_covered_display": "71", "num_branches": 14, "num_partial_branches": 2, "covered_branches": 10, "missing_branches": 4, "percent_branches_covered": 71.42857142857143, "percent_branches_covered_display": "71"}, "missing_lines": [138, 139, 140, 141, 155], "excluded_lines": [], "start_line": 125, "executed_branches": [[131, 132], [131, 134], [137, 144], [144, 145], [144, 150], [146, 144], [146, 147], [150, 151], [152, 150], [152, 153]], "missing_branches": [[137, 138], [139, 140], [139, 141], [150, 155]]}, "build_relative_import_graph": {"executed_lines": [165, 167, 168, 169, 170, 172, 173, 174, 175, 180, 181, 183, 188, 189, 191, 193], "summary": {"covered_lines": 16, "num_statements": 16, "percent_covered": 100.0, "percent_covered_display": "100", "missing_lines": 0, "excluded_lines": 0, "percent_statements_covered": 100.0, "percent_statements_covered_display": "100", "num_branches": 10, "num_partial_branches": 0, "covered_branches": 10, "missing_branches": 0, "percent_branches_covered": 100.0, "percent_branches_covered_display": "100"}, "missing_lines": [], "excluded_lines": [], "start_line": 158, "executed_branches": [[167, 168], [167, 193], [172, 167], [172, 173], [174, 175], [174, 180], [180, 181], [180, 183], [188, 189], [188, 191]], "missing_branches": []}, "": {"executed_lines": [8, 10, 11, 12, 13, 15, 16, 18, 21, 25, 36, 37, 40, 41, 44, 62, 90, 120, 125, 158], "summary": {"covered_lines": 20, "num_statements": 20, "percent_covered": 100.0, "percent_covered_display": "100", "missing_lines": 0, "excluded_lines": 0, "percent_statements_covered": 100.0, "percent_statements_covered_display": "100", "num_branches": 0, "num_partial_branches": 0, "covered_branches": 0, "missing_branches": 0, "percent_branches_covered": 100.0, "percent_branches_covered_display": "100"}, "missing_lines": [], "excluded_lines": [], "start_line": 1, "executed_branches": [], "missing_branches": []}}, "classes": {"ImportStatement": {"executed_lines": [], "summary": {"covered_lines": 0, "num_statements": 0, "percent_covered": 100.0, "percent_covered_display": "100", "missing_lines": 0, "excluded_lines": 0, "percent_statements_covered": 100.0, "percent_statements_covered_display": "100", "num_branches": 0, "num_partial_branches": 0, "covered_branches": 0, "missing_branches": 0, "percent_branches_covered": 100.0, "percent_branches_covered_display": "100"}, "missing_lines": [], "excluded_lines": [], "start_line": 37, "executed_branches": [], "missing_branches": []}, "": {"executed_lines": [8, 10, 11, 12, 13, 15, 16, 18, 21, 25, 36, 37, 40, 41, 44, 46, 47, 49, 54, 59, 62, 64, 65, 66, 67, 69, 70, 71, 72, 75, 78, 85, 87, 90, 92, 93, 94, 95, 97, 98, 99, 100, 106, 108, 109, 110, 117, 120, 122, 125, 131, 132, 134, 137, 144, 145, 146, 147, 150, 151, 152, 153, 158, 165, 167, 168, 169, 170, 172, 173, 174, 175, 180, 181, 183, 188, 189, 191, 193], "summary": {"covered_lines": 79, "num_statements": 91, "percent_covered": 83.70370370370371, "percent_covered_display": "84", "missing_lines": 12, "excluded_lines": 0, "percent_statements_covered": 86.81318681318682, "percent_statements_covered_display": "87", "num_branches": 44, "num_partial_branches": 6, "covered_branches": 34, "missing_branches": 10, "percent_branches_covered": 77.27272727272727, "percent_branches_covered_display": "77"}, "missing_lines": [73, 76, 79, 80, 81, 82, 83, 138, 139, 140, 141, 155], "excluded_lines": [], "start_line": 1, "executed_branches": [[66, 67], [66, 69], [70, 71], [70, 87], [72, 75], [75, 78], [78, 85], [93, 94], [93, 117], [94, 95], [94, 97], [98, 99], [98, 108], [109, 110], [131, 132], [131, 134], [137, 144], [144, 145], [144, 150], [146, 144], [146, 147], [150, 151], [152, 150], [152, 153], [167, 168], [167, 193], [172, 167], [172, 173], [174, 175], [174, 180], [180, 181], [180, 183], [188, 189], [188, 191]], "missing_branches": [[72, 73], [75, 76], [78, 79], [81, 82], [81, 83], [109, 93], [137, 138], [139, 140], [139, 141], [150, 155]]}}}, "src/drift/analyzers/typescript/workspace_boundaries.py": {"executed_lines": [3, 5, 6, 8, 10, 21, 23, 24, 26, 31, 36, 39, 41, 42, 45, 46, 50, 51, 52, 62, 64, 66, 67, 68, 69, 71, 72, 73, 74, 75, 77, 80, 90, 91, 93, 94, 95, 96, 97, 99, 100, 101, 104, 105, 106, 109, 115, 117, 120, 122, 123, 125, 126, 128], "summary": {"covered_lines": 54, "num_statements": 63, "percent_covered": 80.64516129032258, "percent_covered_display": "81", "missing_lines": 9, "excluded_lines": 0, "percent_statements_covered": 85.71428571428571, "percent_statements_covered_display": "86", "num_branches": 30, "num_partial_branches": 5, "covered_branches": 21, "missing_branches": 9, "percent_branches_covered": 70.0, "percent_branches_covered_display": "70"}, "missing_lines": [43, 47, 48, 54, 55, 56, 57, 59, 110], "excluded_lines": [], "executed_branches": [[42, 45], [51, 52], [66, 67], [66, 71], [67, 66], [67, 68], [68, 69], [72, 73], [72, 77], [74, 75], [93, 94], [93, 117], [95, 96], [95, 99], [96, 95], [96, 97], [99, 100], [99, 104], [109, 115], [125, 126], [125, 128]], "missing_branches": [[42, 43], [51, 54], [54, 55], [54, 59], [56, 57], [56, 59], [68, 67], [74, 72], [109, 110]], "functions": {"_iter_ts_sources": {"executed_lines": [23, 26, 31, 36], "summary": {"covered_lines": 4, "num_statements": 4, "percent_covered": 100.0, "percent_covered_display": "100", "missing_lines": 0, "excluded_lines": 0, "percent_statements_covered": 100.0, "percent_statements_covered_display": "100", "num_branches": 0, "num_partial_branches": 0, "covered_branches": 0, "missing_branches": 0, "percent_branches_covered": 100.0, "percent_branches_covered_display": "100"}, "missing_lines": [], "excluded_lines": [], "start_line": 21, "executed_branches": [], "missing_branches": []}, "_iter_ts_sources._is_ignored": {"executed_lines": [24], "summary": {"covered_lines": 1, "num_statements": 1, "percent_covered": 100.0, "percent_covered_display": "100", "missing_lines": 0, "excluded_lines": 0, "percent_statements_covered": 100.0, "percent_statements_covered_display": "100", "num_branches": 0, "num_partial_branches": 0, "covered_branches": 0, "missing_branches": 0, "percent_branches_covered": 100.0, "percent_branches_covered_display": "100"}, "missing_lines": [], "excluded_lines": [], "start_line": 23, "executed_branches": [], "missing_branches": []}, "_load_root_workspaces": {"executed_lines": [41, 42, 45, 46, 50, 51, 52], "summary": {"covered_lines": 7, "num_statements": 15, "percent_covered": 39.130434782608695, "percent_covered_display": "39", "missing_lines": 8, "excluded_lines": 0, "percent_statements_covered": 46.666666666666664, "percent_statements_covered_display": "47", "num_branches": 8, "num_partial_branches": 2, "covered_branches": 2, "missing_branches": 6, "percent_branches_covered": 25.0, "percent_branches_covered_display": "25"}, "missing_lines": [43, 47, 48, 54, 55, 56, 57, 59], "excluded_lines": [], "start_line": 39, "executed_branches": [[42, 45], [51, 52]], "missing_branches": [[42, 43], [51, 54], [54, 55], [54, 59], [56, 57], [56, 59]]}, "discover_workspace_package_roots": {"executed_lines": [64, 66, 67, 68, 69, 71, 72, 73, 74, 75, 77], "summary": {"covered_lines": 11, "num_statements": 11, "percent_covered": 90.47619047619048, "percent_covered_display": "90", "missing_lines": 0, "excluded_lines": 0, "percent_statements_covered": 100.0, "percent_statements_covered_display": "100", "num_branches": 10, "num_partial_branches": 2, "covered_branches": 8, "missing_branches": 2, "percent_branches_covered": 80.0, "percent_branches_covered_display": "80"}, "missing_lines": [], "excluded_lines": [], "start_line": 62, "executed_branches": [[66, 67], [66, 71], [67, 66], [67, 68], [68, 69], [72, 73], [72, 77], [74, 75]], "missing_branches": [[68, 67], [74, 72]]}, "assign_ts_sources_to_workspace_packages": {"executed_lines": [90, 91, 93, 94, 95, 96, 97, 99, 100, 101, 104, 105, 106, 109, 115, 117], "summary": {"covered_lines": 16, "num_statements": 17, "percent_covered": 92.5925925925926, "percent_covered_display": "93", "missing_lines": 1, "excluded_lines": 0, "percent_statements_covered": 94.11764705882354, "percent_statements_covered_display": "94", "num_branches": 10, "num_partial_branches": 1, "covered_branches": 9, "missing_branches": 1, "percent_branches_covered": 90.0, "percent_branches_covered_display": "90"}, "missing_lines": [110], "excluded_lines": [], "start_line": 80, "executed_branches": [[93, 94], [93, 117], [95, 96], [95, 99], [96, 95], [96, 97], [99, 100], [99, 104], [109, 115]], "missing_branches": [[109, 110]]}, "build_workspace_package_membership": {"executed_lines": [122, 123, 125, 126, 128], "summary": {"covered_lines": 5, "num_statements": 5, "percent_covered": 100.0, "percent_covered_display": "100", "missing_lines": 0, "excluded_lines": 0, "percent_statements_covered": 100.0, "percent_statements_covered_display": "100", "num_branches": 2, "num_partial_branches": 0, "covered_branches": 2, "missing_branches": 0, "percent_branches_covered": 100.0, "percent_branches_covered_display": "100"}, "missing_lines": [], "excluded_lines": [], "start_line": 120, "executed_branches": [[125, 126], [125, 128]], "missing_branches": []}, "": {"executed_lines": [3, 5, 6, 8, 10, 21, 39, 62, 80, 120], "summary": {"covered_lines": 10, "num_statements": 10, "percent_covered": 100.0, "percent_covered_display": "100", "missing_lines": 0, "excluded_lines": 0, "percent_statements_covered": 100.0, "percent_statements_covered_display": "100", "num_branches": 0, "num_partial_branches": 0, "covered_branches": 0, "missing_branches": 0, "percent_branches_covered": 100.0, "percent_branches_covered_display": "100"}, "missing_lines": [], "excluded_lines": [], "start_line": 1, "executed_branches": [], "missing_branches": []}}, "classes": {"": {"executed_lines": [3, 5, 6, 8, 10, 21, 23, 24, 26, 31, 36, 39, 41, 42, 45, 46, 50, 51, 52, 62, 64, 66, 67, 68, 69, 71, 72, 73, 74, 75, 77, 80, 90, 91, 93, 94, 95, 96, 97, 99, 100, 101, 104, 105, 106, 109, 115, 117, 120, 122, 123, 125, 126, 128], "summary": {"covered_lines": 54, "num_statements": 63, "percent_covered": 80.64516129032258, "percent_covered_display": "81", "missing_lines": 9, "excluded_lines": 0, "percent_statements_covered": 85.71428571428571, "percent_statements_covered_display": "86", "num_branches": 30, "num_partial_branches": 5, "covered_branches": 21, "missing_branches": 9, "percent_branches_covered": 70.0, "percent_branches_covered_display": "70"}, "missing_lines": [43, 47, 48, 54, 55, 56, 57, 59, 110], "excluded_lines": [], "start_line": 1, "executed_branches": [[42, 45], [51, 52], [66, 67], [66, 71], [67, 66], [67, 68], [68, 69], [72, 73], [72, 77], [74, 75], [93, 94], [93, 117], [95, 96], [95, 99], [96, 95], [96, 97], [99, 100], [99, 104], [109, 115], [125, 126], [125, 128]], "missing_branches": [[42, 43], [51, 54], [54, 55], [54, 59], [56, 57], [56, 59], [68, 67], [74, 72], [109, 110]]}}}, "src/drift/api.py": {"executed_lines": [9, 11, 12, 13, 14, 15, 16, 17, 19, 32, 39, 50, 52, 69, 72, 79, 80, 81, 82, 83, 87, 88, 89, 90, 92, 94, 102, 138, 139, 140, 142, 143, 144, 155, 156, 157, 160, 161, 162, 166, 167, 168, 169, 170, 172, 180, 189, 190, 191, 200, 214, 221, 232, 233, 234, 235, 236, 237, 238, 239, 240, 243, 244, 245, 246, 249, 260, 261, 263, 265, 266, 267, 272, 273, 275, 284, 286, 289, 292, 293, 294, 295, 296, 297, 298, 306, 308, 313, 314, 315, 316, 317, 318, 319, 321, 322, 324, 326, 331, 332, 333, 334, 335, 336, 337, 338, 340, 368, 369, 380, 381, 385, 389, 394, 397, 399, 405, 406, 407, 411, 412, 413, 414, 415, 416, 420, 422, 425, 436, 437, 441, 442, 446, 447, 457, 490, 491, 492, 494, 495, 496, 507, 508, 509, 511, 512, 514, 515, 531, 540, 542, 543, 546, 547, 548, 551, 559, 560, 561, 582, 583, 585, 586, 587, 589, 590, 592, 593, 594, 595, 596, 597, 599, 600, 601, 603, 604, 611, 612, 613, 616, 617, 618, 622, 623, 626, 630, 632, 634, 635, 641, 642, 643, 646, 649, 650, 652, 653, 655, 656, 657, 658, 664, 665, 666, 669, 670, 671, 672, 673, 677, 678, 679, 680, 681, 683, 684, 685, 689, 690, 691, 692, 697, 698, 699, 704, 705, 710, 715, 721, 722, 723, 724, 725, 727, 734, 735, 737, 738, 739, 745, 746, 747, 753, 757, 760, 761, 801, 810, 811, 812, 821, 824, 835, 836, 837, 838, 839, 840, 841, 845, 846, 850, 851, 855, 856, 861, 863, 866, 901, 914, 915, 917, 918, 920, 922, 923, 924, 925, 937, 941, 950, 1047, 1049, 1060, 1063, 1093, 1094, 1095, 1096, 1098, 1099, 1100, 1110, 1112, 1113, 1114, 1131, 1140, 1142, 1143, 1144, 1145, 1148, 1149, 1154, 1155, 1158, 1169, 1197, 1198, 1199, 1202, 1203, 1204, 1208, 1209, 1210, 1211, 1212, 1213, 1214, 1241, 1242, 1243, 1244, 1245, 1248, 1263, 1264, 1265, 1275, 1276, 1277, 1278, 1279, 1280, 1281, 1282, 1283, 1284, 1285, 1286, 1292, 1295, 1296, 1297, 1320, 1344, 1346, 1347, 1348, 1349, 1356, 1365, 1379, 1398, 1400, 1402, 1403, 1404, 1406, 1408, 1409, 1431, 1432, 1433, 1442, 1447, 1450, 1451, 1452, 1453, 1455, 1456, 1458, 1459, 1460, 1463, 1464, 1469, 1470, 1475, 1476, 1485, 1486, 1487, 1488, 1489, 1491, 1492, 1493, 1494, 1496, 1502, 1503, 1504, 1505, 1507, 1514, 1525, 1526, 1527, 1529, 1531, 1532, 1535, 1537, 1538, 1541, 1542, 1543, 1545, 1546, 1547, 1551, 1552, 1555, 1556, 1557, 1578, 1587, 1606, 1610, 1620, 1630, 1632, 1633, 1634, 1638, 1639, 1649, 1659, 1691, 1693, 1694, 1695, 1696, 1698, 1699, 1700, 1702, 1707, 1709, 1716, 1721, 1722, 1723, 1725, 1726, 1728, 1729, 1730, 1733, 1734, 1735, 1738, 1742, 1743, 1746, 1748, 1749, 1750, 1752, 1753, 1757, 1759, 1760, 1767, 1769, 1770, 1771, 1772, 1773, 1774, 1775, 1776, 1781, 1782, 1783, 1784, 1785, 1786, 1801, 1805, 1806, 1808, 1810, 1813, 1814, 1820, 1821, 1822, 1823, 1831, 1832, 1833, 1834, 1835, 1851, 1863, 1866, 1872, 1875, 1878, 1885, 1886, 1893, 1894, 1899, 1903, 1904, 1909, 1912, 1913, 1915, 1916, 1918, 1921, 1922, 1923, 1925, 1926, 1931, 1937, 1977, 1986, 2001, 2003, 2005, 2006, 2008, 2009, 2012, 2014, 2022, 2132, 2140, 2149, 2150, 2152, 2153, 2154, 2155, 2156, 2157, 2159, 2160, 2162, 2163, 2164, 2167, 2172, 2173, 2176, 2177, 2183, 2185, 2186, 2187, 2189, 2192, 2194, 2195, 2197, 2199, 2202, 2203, 2204, 2210, 2224, 2255, 2256, 2257, 2258, 2259, 2260, 2262, 2263, 2264, 2273, 2274, 2275, 2278, 2279, 2283, 2284, 2287, 2296, 2299, 2302, 2303, 2304, 2305, 2306, 2309, 2310, 2311, 2314, 2324, 2325, 2326, 2327, 2335, 2338, 2339, 2342, 2345, 2346, 2349, 2350, 2351, 2354, 2361, 2365, 2368, 2375, 2409, 2418], "summary": {"covered_lines": 619, "num_statements": 803, "percent_covered": 76.03305785123968, "percent_covered_display": "76", "missing_lines": 184, "excluded_lines": 3, "percent_statements_covered": 77.08592777085927, "percent_statements_covered_display": "77", "num_branches": 286, "num_partial_branches": 53, "covered_branches": 209, "missing_branches": 77, "percent_branches_covered": 73.07692307692308, "percent_branches_covered_display": "73"}, "missing_lines": [84, 91, 93, 201, 202, 211, 395, 396, 421, 451, 544, 545, 562, 571, 580, 602, 625, 647, 651, 660, 661, 662, 726, 732, 758, 862, 877, 878, 879, 881, 882, 883, 884, 885, 886, 887, 888, 889, 890, 896, 897, 898, 938, 953, 954, 955, 956, 957, 958, 967, 968, 974, 983, 986, 988, 989, 990, 991, 999, 1008, 1011, 1024, 1033, 1034, 1035, 1044, 1150, 1159, 1160, 1170, 1171, 1172, 1185, 1194, 1195, 1205, 1219, 1220, 1221, 1222, 1223, 1226, 1266, 1267, 1268, 1269, 1270, 1272, 1273, 1288, 1289, 1290, 1298, 1300, 1305, 1309, 1310, 1315, 1316, 1345, 1366, 1367, 1376, 1410, 1419, 1428, 1441, 1465, 1471, 1472, 1477, 1478, 1480, 1481, 1482, 1495, 1497, 1498, 1499, 1511, 1512, 1573, 1574, 1588, 1589, 1598, 1636, 1650, 1651, 1656, 1739, 1740, 1777, 1778, 1792, 1793, 1799, 1824, 1830, 1841, 1842, 1848, 1879, 1887, 1890, 1900, 1914, 1924, 1988, 1989, 1998, 2053, 2054, 2055, 2059, 2061, 2062, 2063, 2071, 2072, 2073, 2074, 2075, 2076, 2080, 2087, 2103, 2112, 2114, 2115, 2124, 2158, 2181, 2184, 2188, 2280, 2285, 2328, 2329, 2330, 2331, 2420, 2421, 2430], "excluded_lines": [34, 35, 36], "executed_branches": [[81, 82], [81, 87], [82, 83], [82, 87], [83, 82], [88, 89], [88, 92], [90, 92], [92, 94], [161, 162], [161, 166], [167, 168], [167, 172], [189, 190], [189, 191], [235, 236], [235, 243], [237, 235], [237, 238], [260, 261], [260, 265], [266, 267], [266, 272], [272, 273], [272, 275], [293, 294], [293, 306], [297, 293], [297, 298], [316, 317], [316, 318], [318, 319], [318, 321], [321, 322], [321, 324], [332, 333], [332, 340], [368, 369], [368, 380], [380, 381], [380, 394], [394, 397], [411, 412], [411, 413], [413, 414], [413, 415], [415, 416], [415, 420], [420, 422], [436, 437], [436, 441], [441, 442], [441, 446], [446, 447], [511, 512], [511, 514], [514, 515], [514, 542], [543, 546], [546, 547], [546, 551], [559, 560], [559, 589], [561, 582], [596, 597], [596, 616], [601, 603], [618, 622], [642, 643], [642, 646], [646, 649], [650, 652], [652, 653], [652, 655], [655, 656], [669, 670], [669, 671], [671, 672], [671, 673], [678, 679], [678, 680], [680, 681], [680, 683], [684, 685], [684, 689], [691, 692], [691, 697], [697, 698], [697, 699], [722, 723], [722, 734], [723, 724], [723, 725], [725, 727], [727, 734], [745, 746], [745, 757], [746, 747], [746, 753], [757, 760], [836, 837], [836, 838], [838, 839], [838, 840], [840, 841], [840, 845], [845, 846], [845, 850], [850, 851], [850, 855], [855, 856], [855, 861], [861, 863], [923, 924], [937, 941], [1113, 1114], [1113, 1142], [1143, 1144], [1143, 1145], [1149, 1154], [1158, 1169], [1169, 1197], [1202, 1203], [1202, 1263], [1204, 1208], [1209, 1210], [1209, 1241], [1211, 1212], [1265, 1275], [1277, 1278], [1279, 1280], [1279, 1286], [1282, 1283], [1282, 1285], [1297, 1320], [1344, 1346], [1346, 1347], [1346, 1348], [1348, 1349], [1348, 1356], [1408, 1409], [1408, 1431], [1409, 1408], [1464, 1469], [1469, 1470], [1469, 1475], [1470, 1469], [1476, 1485], [1487, 1488], [1494, 1496], [1496, 1502], [1503, 1504], [1525, 1526], [1525, 1578], [1633, 1634], [1721, 1722], [1734, 1735], [1734, 1743], [1738, 1742], [1752, 1753], [1752, 1810], [1771, 1772], [1771, 1781], [1781, 1782], [1781, 1801], [1785, 1781], [1785, 1786], [1821, 1822], [1821, 1851], [1823, 1831], [1834, 1835], [1878, 1885], [1885, 1886], [1885, 1893], [1886, 1885], [1893, 1894], [1893, 1899], [1899, 1903], [1903, 1904], [1903, 1909], [1913, 1915], [1915, 1916], [1915, 1918], [1921, 1922], [1921, 1923], [1923, 1925], [1925, 1926], [1925, 1931], [2152, 2153], [2152, 2162], [2157, 2159], [2162, 2163], [2162, 2164], [2176, 2177], [2176, 2183], [2177, 2176], [2183, 2185], [2185, 2186], [2185, 2187], [2187, 2189], [2194, 2195], [2194, 2197], [2279, 2283], [2284, 2287], [2303, 2304], [2303, 2309], [2326, 2327], [2326, 2338], [2338, 2339]], "missing_branches": [[83, 84], [90, 91], [92, 93], [394, 395], [420, 421], [446, 451], [543, 544], [561, 562], [601, 602], [618, 625], [646, 647], [650, 651], [655, 660], [725, 726], [727, 732], [757, 758], [861, 862], [884, 885], [884, 886], [889, 890], [889, 896], [923, 953], [937, 938], [954, 955], [954, 986], [956, 957], [956, 968], [988, 989], [988, 1011], [1149, 1150], [1158, 1159], [1169, 1170], [1171, 1172], [1171, 1195], [1204, 1205], [1211, 1219], [1265, 1266], [1268, 1269], [1268, 1273], [1269, 1270], [1269, 1272], [1277, 1288], [1288, 1289], [1288, 1292], [1297, 1298], [1305, 1309], [1305, 1315], [1344, 1345], [1409, 1410], [1464, 1465], [1470, 1471], [1476, 1477], [1487, 1502], [1494, 1495], [1496, 1497], [1503, 1514], [1633, 1636], [1721, 1723], [1738, 1739], [1823, 1824], [1834, 1821], [1878, 1879], [1886, 1887], [1899, 1900], [1913, 1914], [1923, 1924], [2074, 2075], [2074, 2076], [2157, 2158], [2177, 2181], [2183, 2184], [2187, 2188], [2279, 2280], [2284, 2285], [2328, 2329], [2328, 2330], [2338, 2345]], "functions": {"_emit_api_telemetry": {"executed_lines": [50, 52], "summary": {"covered_lines": 2, "num_statements": 2, "percent_covered": 100.0, "percent_covered_display": "100", "missing_lines": 0, "excluded_lines": 0, "percent_statements_covered": 100.0, "percent_statements_covered_display": "100", "num_branches": 0, "num_partial_branches": 0, "covered_branches": 0, "missing_branches": 0, "percent_branches_covered": 100.0, "percent_branches_covered_display": "100"}, "missing_lines": [], "excluded_lines": [], "start_line": 39, "executed_branches": [], "missing_branches": []}, "_warn_config_issues": {"executed_lines": [79, 80, 81, 82, 83, 87, 88, 89, 90, 92, 94], "summary": {"covered_lines": 11, "num_statements": 14, "percent_covered": 76.92307692307692, "percent_covered_display": "77", "missing_lines": 3, "excluded_lines": 0, "percent_statements_covered": 78.57142857142857, "percent_statements_covered_display": "79", "num_branches": 12, "num_partial_branches": 3, "covered_branches": 9, "missing_branches": 3, "percent_branches_covered": 75.0, "percent_branches_covered_display": "75"}, "missing_lines": [84, 91, 93], "excluded_lines": [], "start_line": 72, "executed_branches": [[81, 82], [81, 87], [82, 83], [82, 87], [83, 82], [88, 89], [88, 92], [90, 92], [92, 94]], "missing_branches": [[83, 84], [90, 91], [92, 93]]}, "scan": {"executed_lines": [138, 139, 140, 142, 143, 144, 155, 156, 157, 160, 161, 162, 166, 167, 168, 169, 170, 172, 180, 189, 190, 191, 200], "summary": {"covered_lines": 23, "num_statements": 26, "percent_covered": 90.625, "percent_covered_display": "91", "missing_lines": 3, "excluded_lines": 0, "percent_statements_covered": 88.46153846153847, "percent_statements_covered_display": "88", "num_branches": 6, "num_partial_branches": 0, "covered_branches": 6, "missing_branches": 0, "percent_branches_covered": 100.0, "percent_branches_covered_display": "100"}, "missing_lines": [201, 202, 211], "excluded_lines": [], "start_line": 102, "executed_branches": [[161, 162], [161, 166], [167, 168], [167, 172], [189, 190], [189, 191]], "missing_branches": []}, "_diverse_findings": {"executed_lines": [221, 232, 233, 234, 235, 236, 237, 238, 239, 240, 243, 244, 245, 246], "summary": {"covered_lines": 14, "num_statements": 14, "percent_covered": 100.0, "percent_covered_display": "100", "missing_lines": 0, "excluded_lines": 0, "percent_statements_covered": 100.0, "percent_statements_covered_display": "100", "num_branches": 4, "num_partial_branches": 0, "covered_branches": 4, "missing_branches": 0, "percent_branches_covered": 100.0, "percent_branches_covered_display": "100"}, "missing_lines": [], "excluded_lines": [], "start_line": 214, "executed_branches": [[235, 236], [235, 243], [237, 235], [237, 238]], "missing_branches": []}, "_format_scan_response": {"executed_lines": [260, 261, 263, 265, 266, 267, 272, 273, 275, 284, 286, 289, 292, 293, 294, 295, 296, 297, 298, 306, 308, 313, 314, 315, 316, 317, 318, 319, 321, 322, 324, 326, 331, 332, 333, 334, 335, 336, 337, 338, 340, 368, 369, 380, 381, 385, 389, 394, 397], "summary": {"covered_lines": 49, "num_statements": 51, "percent_covered": 96.0, "percent_covered_display": "96", "missing_lines": 2, "excluded_lines": 0, "percent_statements_covered": 96.07843137254902, "percent_statements_covered_display": "96", "num_branches": 24, "num_partial_branches": 1, "covered_branches": 23, "missing_branches": 1, "percent_branches_covered": 95.83333333333333, "percent_branches_covered_display": "96"}, "missing_lines": [395, 396], "excluded_lines": [], "start_line": 249, "executed_branches": [[260, 261], [260, 265], [266, 267], [266, 272], [272, 273], [272, 275], [293, 294], [293, 306], [297, 293], [297, 298], [316, 317], [316, 318], [318, 319], [318, 321], [321, 322], [321, 324], [332, 333], [332, 340], [368, 369], [368, 380], [380, 381], [380, 394], [394, 397]], "missing_branches": [[394, 395]]}, "_scan_next_actions": {"executed_lines": [405, 406, 407, 411, 412, 413, 414, 415, 416, 420, 422], "summary": {"covered_lines": 11, "num_statements": 12, "percent_covered": 90.0, "percent_covered_display": "90", "missing_lines": 1, "excluded_lines": 0, "percent_statements_covered": 91.66666666666667, "percent_statements_covered_display": "92", "num_branches": 8, "num_partial_branches": 1, "covered_branches": 7, "missing_branches": 1, "percent_branches_covered": 87.5, "percent_branches_covered_display": "88"}, "missing_lines": [421], "excluded_lines": [], "start_line": 399, "executed_branches": [[411, 412], [411, 413], [413, 414], [413, 415], [415, 416], [415, 420], [420, 422]], "missing_branches": [[420, 421]]}, "_diff_decision_reason": {"executed_lines": [436, 437, 441, 442, 446, 447], "summary": {"covered_lines": 6, "num_statements": 7, "percent_covered": 84.61538461538461, "percent_covered_display": "85", "missing_lines": 1, "excluded_lines": 0, "percent_statements_covered": 85.71428571428571, "percent_statements_covered_display": "86", "num_branches": 6, "num_partial_branches": 1, "covered_branches": 5, "missing_branches": 1, "percent_branches_covered": 83.33333333333333, "percent_branches_covered_display": "83"}, "missing_lines": [451], "excluded_lines": [], "start_line": 425, "executed_branches": [[436, 437], [436, 441], [441, 442], [441, 446], [446, 447]], "missing_branches": [[446, 451]]}, "diff": {"executed_lines": [490, 491, 492, 494, 495, 496, 507, 508, 509, 511, 512, 514, 515, 531, 540, 542, 543, 546, 547, 548, 551, 559, 560, 561, 582, 583, 585, 586, 587, 589, 590, 592, 593, 594, 595, 596, 597, 599, 611, 612, 613, 616, 617, 618, 622, 623, 626, 630, 632, 634, 635, 641, 642, 643, 646, 649, 650, 652, 653, 655, 656, 657, 658, 664, 665, 666, 669, 670, 671, 672, 673, 677, 678, 679, 680, 681, 683, 684, 685, 689, 690, 691, 692, 697, 698, 699, 704, 705, 710, 715, 721, 722, 723, 724, 725, 727, 734, 735, 737, 738, 739, 745, 746, 747, 753, 757, 760, 761, 801, 810, 811, 812, 821], "summary": {"covered_lines": 113, "num_statements": 127, "percent_covered": 87.29281767955801, "percent_covered_display": "87", "missing_lines": 14, "excluded_lines": 0, "percent_statements_covered": 88.97637795275591, "percent_statements_covered_display": "89", "num_branches": 54, "num_partial_branches": 9, "covered_branches": 45, "missing_branches": 9, "percent_branches_covered": 83.33333333333333, "percent_branches_covered_display": "83"}, "missing_lines": [544, 545, 562, 571, 580, 625, 647, 651, 660, 661, 662, 726, 732, 758], "excluded_lines": [], "start_line": 457, "executed_branches": [[511, 512], [511, 514], [514, 515], [514, 542], [543, 546], [546, 547], [546, 551], [559, 560], [559, 589], [561, 582], [596, 597], [596, 616], [618, 622], [642, 643], [642, 646], [646, 649], [650, 652], [652, 653], [652, 655], [655, 656], [669, 670], [669, 671], [671, 672], [671, 673], [678, 679], [678, 680], [680, 681], [680, 683], [684, 685], [684, 689], [691, 692], [691, 697], [697, 698], [697, 699], [722, 723], [722, 734], [723, 724], [723, 725], [725, 727], [727, 734], [745, 746], [745, 757], [746, 747], [746, 753], [757, 760]], "missing_branches": [[543, 544], [561, 562], [618, 625], [646, 647], [650, 651], [655, 660], [725, 726], [727, 732], [757, 758]]}, "diff._in_scope": {"executed_lines": [600, 601, 603, 604], "summary": {"covered_lines": 4, "num_statements": 5, "percent_covered": 71.42857142857143, "percent_covered_display": "71", "missing_lines": 1, "excluded_lines": 0, "percent_statements_covered": 80.0, "percent_statements_covered_display": "80", "num_branches": 2, "num_partial_branches": 1, "covered_branches": 1, "missing_branches": 1, "percent_branches_covered": 50.0, "percent_branches_covered_display": "50"}, "missing_lines": [602], "excluded_lines": [], "start_line": 599, "executed_branches": [[601, 603]], "missing_branches": [[601, 602]]}, "_diff_next_actions": {"executed_lines": [835, 836, 837, 838, 839, 840, 841, 845, 846, 850, 851, 855, 856, 861, 863], "summary": {"covered_lines": 15, "num_statements": 16, "percent_covered": 93.33333333333333, "percent_covered_display": "93", "missing_lines": 1, "excluded_lines": 0, "percent_statements_covered": 93.75, "percent_statements_covered_display": "94", "num_branches": 14, "num_partial_branches": 1, "covered_branches": 13, "missing_branches": 1, "percent_branches_covered": 92.85714285714286, "percent_branches_covered_display": "93"}, "missing_lines": [862], "excluded_lines": [], "start_line": 824, "executed_branches": [[836, 837], [836, 838], [838, 839], [838, 840], [840, 841], [840, 845], [845, 846], [845, 850], [850, 851], [850, 855], [855, 856], [855, 861], [861, 863]], "missing_branches": [[861, 862]]}, "_repo_examples_for_signal": {"executed_lines": [], "summary": {"covered_lines": 0, "num_statements": 16, "percent_covered": 0.0, "percent_covered_display": "0", "missing_lines": 16, "excluded_lines": 0, "percent_statements_covered": 0.0, "percent_statements_covered_display": "0", "num_branches": 4, "num_partial_branches": 0, "covered_branches": 0, "missing_branches": 4, "percent_branches_covered": 0.0, "percent_branches_covered_display": "0"}, "missing_lines": [877, 878, 879, 881, 882, 883, 884, 885, 886, 887, 888, 889, 890, 896, 897, 898], "excluded_lines": [], "start_line": 866, "executed_branches": [], "missing_branches": [[884, 885], [884, 886], [889, 890], [889, 896]]}, "explain": {"executed_lines": [914, 915, 917, 918, 920, 922, 923, 924, 925, 937, 941, 950], "summary": {"covered_lines": 12, "num_statements": 36, "percent_covered": 30.434782608695652, "percent_covered_display": "30", "missing_lines": 24, "excluded_lines": 0, "percent_statements_covered": 33.333333333333336, "percent_statements_covered_display": "33", "num_branches": 10, "num_partial_branches": 2, "covered_branches": 2, "missing_branches": 8, "percent_branches_covered": 20.0, "percent_branches_covered_display": "20"}, "missing_lines": [938, 953, 954, 955, 956, 957, 958, 967, 968, 974, 983, 986, 988, 989, 990, 991, 999, 1008, 1011, 1024, 1033, 1034, 1035, 1044], "excluded_lines": [], "start_line": 901, "executed_branches": [[923, 924], [937, 941]], "missing_branches": [[923, 953], [937, 938], [954, 955], [954, 986], [956, 957], [956, 968], [988, 989], [988, 1011]]}, "_related_signals": {"executed_lines": [1049, 1060], "summary": {"covered_lines": 2, "num_statements": 2, "percent_covered": 100.0, "percent_covered_display": "100", "missing_lines": 0, "excluded_lines": 0, "percent_statements_covered": 100.0, "percent_statements_covered_display": "100", "num_branches": 0, "num_partial_branches": 0, "covered_branches": 0, "missing_branches": 0, "percent_branches_covered": 100.0, "percent_branches_covered_display": "100"}, "missing_lines": [], "excluded_lines": [], "start_line": 1047, "executed_branches": [], "missing_branches": []}, "fix_plan": {"executed_lines": [1093, 1094, 1095, 1096, 1098, 1099, 1100, 1110, 1112, 1113, 1114, 1131, 1140, 1142, 1143, 1144, 1145, 1148, 1149, 1154, 1155, 1158, 1169, 1197, 1198, 1199, 1202, 1203, 1204, 1208, 1209, 1210, 1211, 1212, 1213, 1214, 1241, 1242, 1243, 1244, 1245, 1248, 1263, 1264, 1265, 1275, 1276, 1277, 1278, 1279, 1280, 1281, 1282, 1283, 1284, 1285, 1286, 1292, 1295, 1296, 1297, 1320, 1344, 1346, 1347, 1348, 1349, 1356, 1365], "summary": {"covered_lines": 69, "num_statements": 106, "percent_covered": 62.666666666666664, "percent_covered_display": "63", "missing_lines": 37, "excluded_lines": 0, "percent_statements_covered": 65.09433962264151, "percent_statements_covered_display": "65", "num_branches": 44, "num_partial_branches": 9, "covered_branches": 25, "missing_branches": 19, "percent_branches_covered": 56.81818181818182, "percent_branches_covered_display": "57"}, "missing_lines": [1150, 1159, 1160, 1170, 1171, 1172, 1185, 1194, 1195, 1205, 1219, 1220, 1221, 1222, 1223, 1226, 1266, 1267, 1268, 1269, 1270, 1272, 1273, 1288, 1289, 1290, 1298, 1300, 1305, 1309, 1310, 1315, 1316, 1345, 1366, 1367, 1376], "excluded_lines": [], "start_line": 1063, "executed_branches": [[1113, 1114], [1113, 1142], [1143, 1144], [1143, 1145], [1149, 1154], [1158, 1169], [1169, 1197], [1202, 1203], [1202, 1263], [1204, 1208], [1209, 1210], [1209, 1241], [1211, 1212], [1265, 1275], [1277, 1278], [1279, 1280], [1279, 1286], [1282, 1283], [1282, 1285], [1297, 1320], [1344, 1346], [1346, 1347], [1346, 1348], [1348, 1349], [1348, 1356]], "missing_branches": [[1149, 1150], [1158, 1159], [1169, 1170], [1171, 1172], [1171, 1195], [1204, 1205], [1211, 1219], [1265, 1266], [1268, 1269], [1268, 1273], [1269, 1270], [1269, 1272], [1277, 1288], [1288, 1289], [1288, 1292], [1297, 1298], [1305, 1309], [1305, 1315], [1344, 1345]]}, "validate": {"executed_lines": [1398, 1400, 1402, 1403, 1404, 1406, 1408, 1409, 1431, 1432, 1433, 1442, 1447, 1450, 1451, 1452, 1453, 1455, 1456, 1458, 1459, 1460, 1463, 1464, 1469, 1470, 1475, 1476, 1485, 1486, 1487, 1488, 1489, 1491, 1492, 1493, 1494, 1496, 1502, 1503, 1504, 1505, 1507, 1514, 1525, 1526, 1527, 1529, 1531, 1532, 1535, 1537, 1538, 1541, 1542, 1543, 1545, 1546, 1547, 1551, 1552, 1555, 1556, 1557, 1578, 1587], "summary": {"covered_lines": 66, "num_statements": 89, "percent_covered": 72.07207207207207, "percent_covered_display": "72", "missing_lines": 23, "excluded_lines": 0, "percent_statements_covered": 74.15730337078652, "percent_statements_covered_display": "74", "num_branches": 22, "num_partial_branches": 8, "covered_branches": 14, "missing_branches": 8, "percent_branches_covered": 63.63636363636363, "percent_branches_covered_display": "64"}, "missing_lines": [1410, 1419, 1428, 1441, 1465, 1471, 1472, 1477, 1478, 1480, 1481, 1482, 1495, 1497, 1498, 1499, 1511, 1512, 1573, 1574, 1588, 1589, 1598], "excluded_lines": [], "start_line": 1379, "executed_branches": [[1408, 1409], [1408, 1431], [1409, 1408], [1464, 1469], [1469, 1470], [1469, 1475], [1470, 1469], [1476, 1485], [1487, 1488], [1494, 1496], [1496, 1502], [1503, 1504], [1525, 1526], [1525, 1578]], "missing_branches": [[1409, 1410], [1464, 1465], [1470, 1471], [1476, 1477], [1487, 1502], [1494, 1495], [1496, 1497], [1503, 1514]]}, "_get_changed_files_from_git": {"executed_lines": [1630, 1632, 1633, 1634, 1638, 1639, 1649], "summary": {"covered_lines": 7, "num_statements": 11, "percent_covered": 61.53846153846154, "percent_covered_display": "62", "missing_lines": 4, "excluded_lines": 0, "percent_statements_covered": 63.63636363636363, "percent_statements_covered_display": "64", "num_branches": 2, "num_partial_branches": 1, "covered_branches": 1, "missing_branches": 1, "percent_branches_covered": 50.0, "percent_branches_covered_display": "50"}, "missing_lines": [1636, 1650, 1651, 1656], "excluded_lines": [], "start_line": 1620, "executed_branches": [[1633, 1634]], "missing_branches": [[1633, 1636]]}, "nudge": {"executed_lines": [1691, 1693, 1694, 1695, 1696, 1698, 1699, 1700, 1702, 1707, 1709, 1725, 1728, 1729, 1730, 1733, 1734, 1735, 1738, 1742, 1743, 1746, 1748, 1749, 1750, 1752, 1753, 1757, 1759, 1760, 1767, 1769, 1770, 1771, 1772, 1773, 1774, 1775, 1776, 1781, 1782, 1783, 1784, 1785, 1786, 1801, 1805, 1806, 1808, 1810, 1813, 1814, 1820, 1821, 1822, 1823, 1831, 1832, 1833, 1834, 1835, 1851, 1863, 1866, 1872, 1875, 1878, 1885, 1886, 1893, 1894, 1899, 1903, 1904, 1909, 1912, 1913, 1915, 1916, 1918, 1921, 1922, 1923, 1925, 1926, 1931, 1937, 1977, 1986], "summary": {"covered_lines": 89, "num_statements": 110, "percent_covered": 80.66666666666667, "percent_covered_display": "81", "missing_lines": 21, "excluded_lines": 0, "percent_statements_covered": 80.9090909090909, "percent_statements_covered_display": "81", "num_branches": 40, "num_partial_branches": 8, "covered_branches": 32, "missing_branches": 8, "percent_branches_covered": 80.0, "percent_branches_covered_display": "80"}, "missing_lines": [1739, 1740, 1777, 1778, 1792, 1793, 1799, 1824, 1830, 1841, 1842, 1848, 1879, 1887, 1890, 1900, 1914, 1924, 1988, 1989, 1998], "excluded_lines": [], "start_line": 1659, "executed_branches": [[1734, 1735], [1734, 1743], [1738, 1742], [1752, 1753], [1752, 1810], [1771, 1772], [1771, 1781], [1781, 1782], [1781, 1801], [1785, 1781], [1785, 1786], [1821, 1822], [1821, 1851], [1823, 1831], [1834, 1835], [1878, 1885], [1885, 1886], [1885, 1893], [1886, 1885], [1893, 1894], [1893, 1899], [1899, 1903], [1903, 1904], [1903, 1909], [1913, 1915], [1915, 1916], [1915, 1918], [1921, 1922], [1921, 1923], [1923, 1925], [1925, 1926], [1925, 1931]], "missing_branches": [[1738, 1739], [1823, 1824], [1834, 1821], [1878, 1879], [1886, 1887], [1899, 1900], [1913, 1914], [1923, 1924]]}, "nudge.record_parse_failure": {"executed_lines": [
[...]
, [76, 77], [76, 82], [78, 79], [78, 81], [83, 84], [83, 85], [85, 86], [85, 87]], "missing_branches": []}, "log_tool_event": {"executed_lines": [105, 106, 108, 109, 110, 111, 113, 134, 135, 136, 137], "summary": {"covered_lines": 11, "num_statements": 13, "percent_covered": 86.66666666666667, "percent_covered_display": "87", "missing_lines": 2, "excluded_lines": 0, "percent_statements_covered": 84.61538461538461, "percent_statements_covered_display": "85", "num_branches": 2, "num_partial_branches": 0, "covered_branches": 2, "missing_branches": 0, "percent_branches_covered": 100.0, "percent_branches_covered_display": "100"}, "missing_lines": [138, 140], "excluded_lines": [], "start_line": 90, "executed_branches": [[105, 106], [105, 108]], "missing_branches": []}, "timed_call": {"executed_lines": [145, 147, 150], "summary": {"covered_lines": 3, "num_statements": 3, "percent_covered": 100.0, "percent_covered_display": "100", "missing_lines": 0, "excluded_lines": 0, "percent_statements_covered": 100.0, "percent_statements_covered_display": "100", "num_branches": 0, "num_partial_branches": 0, "covered_branches": 0, "missing_branches": 0, "percent_branches_covered": 100.0, "percent_branches_covered_display": "100"}, "missing_lines": [], "excluded_lines": [], "start_line": 143, "executed_branches": [], "missing_branches": []}, "timed_call._elapsed_ms": {"executed_lines": [148], "summary": {"covered_lines": 1, "num_statements": 1, "percent_covered": 100.0, "percent_covered_display": "100", "missing_lines": 0, "excluded_lines": 0, "percent_statements_covered": 100.0, "percent_statements_covered_display": "100", "num_branches": 0, "num_partial_branches": 0, "covered_branches": 0, "missing_branches": 0, "percent_branches_covered": 100.0, "percent_branches_covered_display": "100"}, "missing_lines": [], "excluded_lines": [], "start_line": 147, "executed_branches": [], "missing_branches": []}, "": {"executed_lines": [13, 15, 16, 17, 18, 19, 20, 21, 22, 24, 25, 26, 29, 33, 38, 43, 51, 63, 72, 90, 143], "summary": {"covered_lines": 21, "num_statements": 21, "percent_covered": 100.0, "percent_covered_display": "100", "missing_lines": 0, "excluded_lines": 0, "percent_statements_covered": 100.0, "percent_statements_covered_display": "100", "num_branches": 0, "num_partial_branches": 0, "covered_branches": 0, "missing_branches": 0, "percent_branches_covered": 100.0, "percent_branches_covered_display": "100"}, "missing_lines": [], "excluded_lines": [], "start_line": 1, "executed_branches": [], "missing_branches": []}}, "classes": {"": {"executed_lines": [13, 15, 16, 17, 18, 19, 20, 21, 22, 24, 25, 26, 29, 30, 33, 35, 38, 43, 45, 46, 47, 51, 55, 56, 57, 58, 59, 60, 63, 65, 66, 69, 72, 74, 75, 76, 77, 78, 79, 81, 82, 83, 84, 85, 86, 87, 90, 105, 106, 108, 109, 110, 111, 113, 134, 135, 136, 137, 143, 145, 147, 148, 150], "summary": {"covered_lines": 63, "num_statements": 70, "percent_covered": 90.9090909090909, "percent_covered_display": "91", "missing_lines": 7, "excluded_lines": 0, "percent_statements_covered": 90.0, "percent_statements_covered_display": "90", "num_branches": 18, "num_partial_branches": 1, "covered_branches": 17, "missing_branches": 1, "percent_branches_covered": 94.44444444444444, "percent_branches_covered_display": "94"}, "missing_lines": [39, 40, 48, 67, 68, 138, 140], "excluded_lines": [], "start_line": 1, "executed_branches": [[46, 47], [56, 57], [56, 58], [58, 59], [58, 60], [74, 75], [74, 83], [76, 77], [76, 82], [78, 79], [78, 81], [83, 84], [83, 85], [85, 86], [85, 87], [105, 106], [105, 108]], "missing_branches": [[46, 48]]}}}, "src/drift/timeline.py": {"executed_lines": [7, 9, 10, 11, 13, 16, 17, 20, 21, 22, 23, 24, 25, 26, 29, 30, 33, 34, 35, 36, 37, 38, 39, 42, 43, 46, 47, 48, 49, 50, 53, 54, 57, 58, 59, 62, 66, 67, 68, 69, 70, 71, 72, 73, 74, 75, 78, 84, 88, 89, 91, 92, 93, 95, 96, 97, 98, 99, 100, 101, 103, 104, 105, 106, 108, 109, 110, 111, 120, 122, 124, 127, 136, 137, 139, 142, 149, 150, 151, 154, 155, 157, 158, 159, 162, 165, 166, 168, 169, 170, 173, 174, 179, 182, 183, 184, 185, 186, 188, 200, 201, 202, 204, 207, 221, 224, 227, 228, 229, 230, 231, 232, 234, 235, 240, 241, 248, 249, 259, 272, 273, 274, 275, 289], "summary": {"covered_lines": 124, "num_statements": 133, "percent_covered": 89.61748633879782, "percent_covered_display": "90", "missing_lines": 9, "excluded_lines": 0, "percent_statements_covered": 93.23308270676692, "percent_statements_covered_display": "93", "num_branches": 50, "num_partial_branches": 8, "covered_branches": 40, "missing_branches": 10, "percent_branches_covered": 80.0, "percent_branches_covered_display": "80"}, "missing_lines": [161, 163, 175, 176, 180, 250, 255, 256, 257], "excluded_lines": [], "executed_branches": [[67, 68], [67, 75], [69, 70], [69, 73], [73, 67], [73, 74], [88, 89], [88, 91], [95, 96], [95, 124], [99, 100], [99, 103], [103, 104], [103, 122], [105, 106], [105, 108], [136, 137], [136, 139], [157, 158], [157, 204], [158, 159], [162, 165], [168, 169], [168, 173], [174, 179], [179, 182], [182, 183], [182, 200], [184, 185], [184, 188], [200, 201], [228, 229], [228, 234], [229, 230], [235, 240], [235, 272], [249, 259], [273, 274], [273, 289], [274, 275]], "missing_branches": [[158, 161], [162, 163], [174, 175], [179, 180], [200, 157], [229, 228], [249, 250], [255, 249], [255, 256], [274, 273]], "functions": {"_group_commits_by_module": {"executed_lines": [66, 67, 68, 69, 70, 71, 72, 73, 74, 75], "summary": {"covered_lines": 10, "num_statements": 10, "percent_covered": 100.0, "percent_covered_display": "100", "missing_lines": 0, "excluded_lines": 0, "percent_statements_covered": 100.0, "percent_statements_covered_display": "100", "num_branches": 6, "num_partial_branches": 0, "covered_branches": 6, "missing_branches": 0, "percent_branches_covered": 100.0, "percent_branches_covered_display": "100"}, "missing_lines": [], "excluded_lines": [], "start_line": 62, "executed_branches": [[67, 68], [67, 75], [69, 70], [69, 73], [73, 67], [73, 74]], "missing_branches": []}, "_detect_ai_bursts": {"executed_lines": [84, 88, 89, 91, 92, 93, 95, 96, 97, 98, 99, 100, 101, 103, 104, 105, 106, 108, 109, 110, 111, 120, 122, 124], "summary": {"covered_lines": 24, "num_statements": 24, "percent_covered": 100.0, "percent_covered_display": "100", "missing_lines": 0, "excluded_lines": 0, "percent_statements_covered": 100.0, "percent_statements_covered_display": "100", "num_branches": 10, "num_partial_branches": 0, "covered_branches": 10, "missing_branches": 0, "percent_branches_covered": 100.0, "percent_branches_covered_display": "100"}, "missing_lines": [], "excluded_lines": [], "start_line": 78, "executed_branches": [[88, 89], [88, 91], [95, 96], [95, 124], [99, 100], [99, 103], [103, 104], [103, 122], [105, 106], [105, 108]], "missing_branches": []}, "_find_drift_onset": {"executed_lines": [136, 137, 139, 142, 149, 150, 151, 154, 155, 157, 158, 159, 162, 165, 166, 168, 169, 170, 173, 174, 179, 182, 183, 184, 185, 186, 188, 200, 201, 202, 204], "summary": {"covered_lines": 31, "num_statements": 36, "percent_covered": 82.14285714285714, "percent_covered_display": "82", "missing_lines": 5, "excluded_lines": 0, "percent_statements_covered": 86.11111111111111, "percent_statements_covered_display": "86", "num_branches": 20, "num_partial_branches": 5, "covered_branches": 15, "missing_branches": 5, "percent_branches_covered": 75.0, "percent_branches_covered_display": "75"}, "missing_lines": [161, 163, 175, 176, 180], "excluded_lines": [], "start_line": 127, "executed_branches": [[136, 137], [136, 139], [157, 158], [157, 204], [158, 159], [162, 165], [168, 169], [168, 173], [174, 179], [179, 182], [182, 183], [182, 200], [184, 185], [184, 188], [200, 201]], "missing_branches": [[158, 161], [162, 163], [174, 175], [179, 180], [200, 157]]}, "build_timeline": {"executed_lines": [221, 224, 227, 228, 229, 230, 231, 232, 234, 235, 240, 241, 248, 249, 259, 272, 273, 274, 275, 289], "summary": {"covered_lines": 20, "num_statements": 24, "percent_covered": 76.3157894736842, "percent_covered_display": "76", "missing_lines": 4, "excluded_lines": 0, "percent_statements_covered": 83.33333333333333, "percent_statements_covered_display": "83", "num_branches": 14, "num_partial_branches": 3, "covered_branches": 9, "missing_branches": 5, "percent_branches_covered": 64.28571428571429, "percent_branches_covered_display": "64"}, "missing_lines": [250, 255, 256, 257], "excluded_lines": [], "start_line": 207, "executed_branches": [[228, 229], [228, 234], [229, 230], [235, 240], [235, 272], [249, 259], [273, 274], [273, 289], [274, 275]], "missing_branches": [[229, 228], [249, 250], [255, 249], [255, 256], [274, 273]]}, "": {"executed_lines": [7, 9, 10, 11, 13, 16, 17, 20, 21, 22, 23, 24, 25, 26, 29, 30, 33, 34, 35, 36, 37, 38, 39, 42, 43, 46, 47, 48, 49, 50, 53, 54, 57, 58, 59, 62, 78, 127, 207], "summary": {"covered_lines": 39, "num_statements": 39, "percent_covered": 100.0, "percent_covered_display": "100", "missing_lines": 0, "excluded_lines": 0, "percent_statements_covered": 100.0, "percent_statements_covered_display": "100", "num_branches": 0, "num_partial_branches": 0, "covered_branches": 0, "missing_branches": 0, "percent_branches_covered": 100.0, "percent_branches_covered_display": "100"}, "missing_lines": [], "excluded_lines": [], "start_line": 1, "executed_branches": [], "missing_branches": []}}, "classes": {"DriftEvent": {"executed_lines": [], "summary": {"covered_lines": 0, "num_statements": 0, "percent_covered": 100.0, "percent_covered_display": "100", "missing_lines": 0, "excluded_lines": 0, "percent_statements_covered": 100.0, "percent_statements_covered_display": "100", "num_branches": 0, "num_partial_branches": 0, "covered_branches": 0, "missing_branches": 0, "percent_branches_covered": 100.0, "percent_branches_covered_display": "100"}, "missing_lines": [], "excluded_lines": [], "start_line": 17, "executed_branches": [], "missing_branches": []}, "ModuleTimeline": {"executed_lines": [], "summary": {"covered_lines": 0, "num_statements": 0, "percent_covered": 100.0, "percent_covered_display": "100", "missing_lines": 0, "excluded_lines": 0, "percent_statements_covered": 100.0, "percent_statements_covered_display": "100", "num_branches": 0, "num_partial_branches": 0, "covered_branches": 0, "missing_branches": 0, "percent_branches_covered": 100.0, "percent_branches_covered_display": "100"}, "missing_lines": [], "excluded_lines": [], "start_line": 30, "executed_branches": [], "missing_branches": []}, "AiBurst": {"executed_lines": [], "summary": {"covered_lines": 0, "num_statements": 0, "percent_covered": 100.0, "percent_covered_display": "100", "missing_lines": 0, "excluded_lines": 0, "percent_statements_covered": 100.0, "percent_statements_covered_display": "100", "num_branches": 0, "num_partial_branches": 0, "covered_branches": 0, "missing_branches": 0, "percent_branches_covered": 100.0, "percent_branches_covered_display": "100"}, "missing_lines": [], "excluded_lines": [], "start_line": 43, "executed_branches": [], "missing_branches": []}, "RepoTimeline": {"executed_lines": [], "summary": {"covered_lines": 0, "num_statements": 0, "percent_covered": 100.0, "percent_covered_display": "100", "missing_lines": 0, "excluded_lines": 0, "percent_statements_covered": 100.0, "percent_statements_covered_display": "100", "num_branches": 0, "num_partial_branches": 0, "covered_branches": 0, "missing_branches": 0, "percent_branches_covered": 100.0, "percent_branches_covered_display": "100"}, "missing_lines": [], "excluded_lines": [], "start_line": 54, "executed_branches": [], "missing_branches": []}, "": {"executed_lines": [7, 9, 10, 11, 13, 16, 17, 20, 21, 22, 23, 24, 25, 26, 29, 30, 33, 34, 35, 36, 37, 38, 39, 42, 43, 46, 47, 48, 49, 50, 53, 54, 57, 58, 59, 62, 66, 67, 68, 69, 70, 71, 72, 73, 74, 75, 78, 84, 88, 89, 91, 92, 93, 95, 96, 97, 98, 99, 100, 101, 103, 104, 105, 106, 108, 109, 110, 111, 120, 122, 124, 127, 136, 137, 139, 142, 149, 150, 151, 154, 155, 157, 158, 159, 162, 165, 166, 168, 169, 170, 173, 174, 179, 182, 183, 184, 185, 186, 188, 200, 201, 202, 204, 207, 221, 224, 227, 228, 229, 230, 231, 232, 234, 235, 240, 241, 248, 249, 259, 272, 273, 274, 275, 289], "summary": {"covered_lines": 124, "num_statements": 133, "percent_covered": 89.61748633879782, "percent_covered_display": "90", "missing_lines": 9, "excluded_lines": 0, "percent_statements_covered": 93.23308270676692, "percent_statements_covered_display": "93", "num_branches": 50, "num_partial_branches": 8, "covered_branches": 40, "missing_branches": 10, "percent_branches_covered": 80.0, "percent_branches_covered_display": "80"}, "missing_lines": [161, 163, 175, 176, 180, 250, 255, 256, 257], "excluded_lines": [], "start_line": 1, "executed_branches": [[67, 68], [67, 75], [69, 70], [69, 73], [73, 67], [73, 74], [88, 89], [88, 91], [95, 96], [95, 124], [99, 100], [99, 103], [103, 104], [103, 122], [105, 106], [105, 108], [136, 137], [136, 139], [157, 158], [157, 204], [158, 159], [162, 165], [168, 169], [168, 173], [174, 179], [179, 182], [182, 183], [182, 200], [184, 185], [184, 188], [200, 201], [228, 229], [228, 234], [229, 230], [235, 240], [235, 272], [249, 259], [273, 274], [273, 289], [274, 275]], "missing_branches": [[158, 161], [162, 163], [174, 175], [179, 180], [200, 157], [229, 228], [249, 250], [255, 249], [255, 256], [274, 273]]}}}, "src/drift/trend_history.py": {"executed_lines": [3, 5, 6, 8, 9, 11, 14, 16, 17, 18, 19, 20, 21, 23, 24, 27, 29, 30, 33, 35, 36, 39, 44, 49, 50, 59, 60, 62, 63, 64, 65, 67, 69, 71, 81, 83, 84, 85, 86, 89, 100, 101, 103, 104, 106, 107, 112, 113, 123, 124], "summary": {"covered_lines": 50, "num_statements": 51, "percent_covered": 96.92307692307692, "percent_covered_display": "97", "missing_lines": 1, "excluded_lines": 0, "percent_statements_covered": 98.03921568627452, "percent_statements_covered_display": "98", "num_branches": 14, "num_partial_branches": 1, "covered_branches": 13, "missing_branches": 1, "percent_branches_covered": 92.85714285714286, "percent_branches_covered_display": "93"}, "missing_lines": [22], "excluded_lines": [], "executed_branches": [[16, 17], [16, 18], [20, 21], [49, 50], [49, 59], [62, 63], [62, 64], [64, 65], [64, 67], [84, 85], [84, 86], [106, 107], [106, 112]], "missing_branches": [[20, 22]], "functions": {"load_history_with_status": {"executed_lines": [16, 17, 18, 19, 20, 21, 23, 24], "summary": {"covered_lines": 8, "num_statements": 9, "percent_covered": 84.61538461538461, "percent_covered_display": "85", "missing_lines": 1, "excluded_lines": 0, "percent_statements_covered": 88.88888888888889, "percent_statements_covered_display": "89", "num_branches": 4, "num_partial_branches": 1, "covered_branches": 3, "missing_branches": 1, "percent_branches_covered": 75.0, "percent_branches_covered_display": "75"}, "missing_lines": [22], "excluded_lines": [], "start_line": 14, "executed_branches": [[16, 17], [16, 18], [20, 21]], "missing_branches": [[20, 22]]}, "load_history": {"executed_lines": [29, 30], "summary": {"covered_lines": 2, "num_statements": 2, "percent_covered": 100.0, "percent_covered_display": "100", "missing_lines": 0, "excluded_lines": 0, "percent_statements_covered": 100.0, "percent_statements_covered_display": "100", "num_branches": 0, "num_partial_branches": 0, "covered_branches": 0, "missing_branches": 0, "percent_branches_covered": 100.0, "percent_branches_covered_display": "100"}, "missing_lines": [], "excluded_lines": [], "start_line": 27, "executed_branches": [], "missing_branches": []}, "save_history": {"executed_lines": [35, 36], "summary": {"covered_lines": 2, "num_statements": 2, "percent_covered": 100.0, "percent_covered_display": "100", "missing_lines": 0, "excluded_lines": 0, "percent_statements_covered": 100.0, "percent_statements_covered_display": "100", "num_branches": 0, "num_partial_branches": 0, "covered_branches": 0, "missing_branches": 0, "percent_branches_covered": 100.0, "percent_branches_covered_display": "100"}, "missing_lines": [], "excluded_lines": [], "start_line": 33, "executed_branches": [], "missing_branches": []}, "build_trend_context": {"executed_lines": [44, 49, 50, 59, 60, 62, 63, 64, 65, 67, 69, 71], "summary": {"covered_lines": 12, "num_statements": 12, "percent_covered": 100.0, "percent_covered_display": "100", "missing_lines": 0, "excluded_lines": 0, "percent_statements_covered": 100.0, "percent_statements_covered_display": "100", "num_branches": 6, "num_partial_branches": 0, "covered_branches": 6, "missing_branches": 0, "percent_branches_covered": 100.0, "percent_branches_covered_display": "100"}, "missing_lines": [], "excluded_lines": [], "start_line": 39, "executed_branches": [[49, 50], [49, 59], [62, 63], [62, 64], [64, 65], [64, 67]], "missing_branches": []}, "snapshot_scope": {"executed_lines": [83, 84, 85, 86], "summary": {"covered_lines": 4, "num_statements": 4, "percent_covered": 100.0, "percent_covered_display": "100", "missing_lines": 0, "excluded_lines": 0, "percent_statements_covered": 100.0, "percent_statements_covered_display": "100", "num_branches": 2, "num_partial_branches": 0, "covered_branches": 2, "missing_branches": 0, "percent_branches_covered": 100.0, "percent_branches_covered_display": "100"}, "missing_lines": [], "excluded_lines": [], "start_line": 81, "executed_branches": [[84, 85], [84, 86]], "missing_branches": []}, "apply_trend_and_persist_snapshot": {"executed_lines": [100, 101, 103, 104, 106, 107, 112, 113, 123, 124], "summary": {"covered_lines": 10, "num_statements": 10, "percent_covered": 100.0, "percent_covered_display": "100", "missing_lines": 0, "excluded_lines": 0, "percent_statements_covered": 100.0, "percent_statements_covered_display": "100", "num_branches": 2, "num_partial_branches": 0, "covered_branches": 2, "missing_branches": 0, "percent_branches_covered": 100.0, "percent_branches_covered_display": "100"}, "missing_lines": [], "excluded_lines": [], "start_line": 89, "executed_branches": [[106, 107], [106, 112]], "missing_branches": []}, "": {"executed_lines": [3, 5, 6, 8, 9, 11, 14, 27, 33, 39, 81, 89], "summary": {"covered_lines": 12, "num_statements": 12, "percent_covered": 100.0, "percent_covered_display": "100", "missing_lines": 0, "excluded_lines": 0, "percent_statements_covered": 100.0, "percent_statements_covered_display": "100", "num_branches": 0, "num_partial_branches": 0, "covered_branches": 0, "missing_branches": 0, "percent_branches_covered": 100.0, "percent_branches_covered_display": "100"}, "missing_lines": [], "excluded_lines": [], "start_line": 1, "executed_branches": [], "missing_branches": []}}, "classes": {"": {"executed_lines": [3, 5, 6, 8, 9, 11, 14, 16, 17, 18, 19, 20, 21, 23, 24, 27, 29, 30, 33, 35, 36, 39, 44, 49, 50, 59, 60, 62, 63, 64, 65, 67, 69, 71, 81, 83, 84, 85, 86, 89, 100, 101, 103, 104, 106, 107, 112, 113, 123, 124], "summary": {"covered_lines": 50, "num_statements": 51, "percent_covered": 96.92307692307692, "percent_covered_display": "97", "missing_lines": 1, "excluded_lines": 0, "percent_statements_covered": 98.03921568627452, "percent_statements_covered_display": "98", "num_branches": 14, "num_partial_branches": 1, "covered_branches": 13, "missing_branches": 1, "percent_branches_covered": 92.85714285714286, "percent_branches_covered_display": "93"}, "missing_lines": [22], "excluded_lines": [], "start_line": 1, "executed_branches": [[16, 17], [16, 18], [20, 21], [49, 50], [49, 59], [62, 63], [62, 64], [64, 65], [64, 67], [84, 85], [84, 86], [106, 107], [106, 112]], "missing_branches": [[20, 22]]}}}}, "totals": {"covered_lines": 8916, "num_statements": 11252, "percent_covered": 76.1651046347413, "percent_covered_display": "76", "missing_lines": 2336, "excluded_lines": 38, "percent_statements_covered": 79.23924635620334, "percent_statements_covered_display": "79", "num_branches": 4326, "num_partial_branches": 547, "covered_branches": 2949, "missing_branches": 1377, "percent_branches_covered": 68.16920943134535, "percent_branches_covered_display": "68"}}